The system is: Darwin - 15.6.0 - x86_64
Compiling the C compiler identification source file "CMakeCCompilerId.c" succeeded.
Compiler:  
Build flags: 
Id flags: 

The output was:
0
2016-08-18 17:37:41.399 xcodebuild[19012:979210] [MT] PluginLoading: Required plug-in compatibility UUID ACA8656B-FEA8-4B6D-8E4A-93F4C95C362C for plug-in at path '~/Library/Application Support/Developer/Shared/Xcode/Plug-ins/XAlign.xcplugin' not present in DVTPlugInCompatibilityUUIDs
=== BUILD TARGET CompilerIdC OF PROJECT CompilerIdC WITH THE DEFAULT CONFIGURATION (Debug) ===

Check dependencies

Write auxiliary files
write-file /Users/zhoushiwei/caffe/buildios/CMakeFiles/3.6.1/CompilerIdC/CompilerIdC.build/Debug/CompilerIdC.build/CompilerIdC-all-non-framework-target-headers.hmap
write-file /Users/zhoushiwei/caffe/buildios/CMakeFiles/3.6.1/CompilerIdC/CompilerIdC.build/Debug/CompilerIdC.build/Script-2C8FEB8E15DC1A1A00E56A5D.sh
chmod 0755 /Users/zhoushiwei/caffe/buildios/CMakeFiles/3.6.1/CompilerIdC/CompilerIdC.build/Debug/CompilerIdC.build/Script-2C8FEB8E15DC1A1A00E56A5D.sh
write-file /Users/zhoushiwei/caffe/buildios/CMakeFiles/3.6.1/CompilerIdC/CompilerIdC.build/Debug/CompilerIdC.build/CompilerIdC.hmap
/bin/mkdir -p /Users/zhoushiwei/caffe/buildios/CMakeFiles/3.6.1/CompilerIdC/CompilerIdC.build/Debug/CompilerIdC.build/Objects-normal/x86_64
write-file /Users/zhoushiwei/caffe/buildios/CMakeFiles/3.6.1/CompilerIdC/CompilerIdC.build/Debug/CompilerIdC.build/Objects-normal/x86_64/CompilerIdC.LinkFileList
write-file /Users/zhoushiwei/caffe/buildios/CMakeFiles/3.6.1/CompilerIdC/CompilerIdC.build/Debug/CompilerIdC.build/CompilerIdC-own-target-headers.hmap
write-file /Users/zhoushiwei/caffe/buildios/CMakeFiles/3.6.1/CompilerIdC/CompilerIdC.build/Debug/CompilerIdC.build/CompilerIdC-project-headers.hmap
write-file /Users/zhoushiwei/caffe/buildios/CMakeFiles/3.6.1/CompilerIdC/CompilerIdC.build/Debug/CompilerIdC.build/CompilerIdC-all-target-headers.hmap
write-file /Users/zhoushiwei/caffe/buildios/CMakeFiles/3.6.1/CompilerIdC/CompilerIdC.build/Debug/CompilerIdC.build/CompilerIdC-generated-files.hmap

CompileC CompilerIdC.build/Debug/CompilerIdC.build/Objects-normal/x86_64/CMakeCCompilerId.o CMakeCCompilerId.c normal x86_64 c com.apple.compilers.llvm.clang.1_0.compiler
    cd /Users/zhoushiwei/caffe/buildios/CMakeFiles/3.6.1/CompilerIdC
    export LANG=en_US.US-ASCII
    /Applications/Xcode.app/Contents/Developer/Toolchains/XcodeDefault.xctoolchain/usr/bin/clang -x c -arch x86_64 -fmessage-length=0 -fdiagnostics-show-note-include-stack -fmacro-backtrace-limit=0 -Wno-trigraphs -fpascal-strings -Os -Wno-missing-field-initializers -Wno-missing-prototypes -Wno-return-type -Wno-missing-braces -Wparentheses -Wswitch -Wno-unused-function -Wno-unused-label -Wno-unused-parameter -Wno-unused-variable -Wunused-value -Wno-empty-body -Wno-uninitialized -Wno-unknown-pragmas -Wno-shadow -Wno-four-char-constants -Wno-conversion -Wno-constant-conversion -Wno-int-conversion -Wno-bool-conversion -Wno-enum-conversion -Wno-shorten-64-to-32 -Wpointer-sign -Wno-newline-eof -isysroot /Applications/Xcode.app/Contents/Developer/Platforms/MacOSX.platform/Developer/SDKs/MacOSX10.11.sdk -fasm-blocks -fstrict-aliasing -Wdeprecated-declarations -mmacosx-version-min=10.11 -g -fvisibility=hidden -Wno-sign-conversion -I/Users/zhoushiwei/caffe/buildios/CMakeFiles/3.6.1/CompilerIdC/CompilerIdC.build/Debug/CompilerIdC.build/CompilerIdC.hmap -I/Users/zhoushiwei/caffe/buildios/CMakeFiles/3.6.1/CompilerIdC/include -I/Users/zhoushiwei/caffe/buildios/CMakeFiles/3.6.1/CompilerIdC/CompilerIdC.build/Debug/CompilerIdC.build/DerivedSources/x86_64 -I/Users/zhoushiwei/caffe/buildios/CMakeFiles/3.6.1/CompilerIdC/CompilerIdC.build/Debug/CompilerIdC.build/DerivedSources -F/Users/zhoushiwei/caffe/buildios/CMakeFiles/3.6.1/CompilerIdC -MMD -MT dependencies -MF /Users/zhoushiwei/caffe/buildios/CMakeFiles/3.6.1/CompilerIdC/CompilerIdC.build/Debug/CompilerIdC.build/Objects-normal/x86_64/CMakeCCompilerId.d --serialize-diagnostics /Users/zhoushiwei/caffe/buildios/CMakeFiles/3.6.1/CompilerIdC/CompilerIdC.build/Debug/CompilerIdC.build/Objects-normal/x86_64/CMakeCCompilerId.dia -c /Users/zhoushiwei/caffe/buildios/CMakeFiles/3.6.1/CompilerIdC/CMakeCCompilerId.c -o /Users/zhoushiwei/caffe/buildios/CMakeFiles/3.6.1/CompilerIdC/CompilerIdC.build/Debug/CompilerIdC.build/Objects-normal/x86_64/CMakeCCompilerId.o

Ld CompilerIdC normal x86_64
    cd /Users/zhoushiwei/caffe/buildios/CMakeFiles/3.6.1/CompilerIdC
    export MACOSX_DEPLOYMENT_TARGET=10.11
    /Applications/Xcode.app/Contents/Developer/Toolchains/XcodeDefault.xctoolchain/usr/bin/clang -arch x86_64 -isysroot /Applications/Xcode.app/Contents/Developer/Platforms/MacOSX.platform/Developer/SDKs/MacOSX10.11.sdk -L/Users/zhoushiwei/caffe/buildios/CMakeFiles/3.6.1/CompilerIdC -F/Users/zhoushiwei/caffe/buildios/CMakeFiles/3.6.1/CompilerIdC -filelist /Users/zhoushiwei/caffe/buildios/CMakeFiles/3.6.1/CompilerIdC/CompilerIdC.build/Debug/CompilerIdC.build/Objects-normal/x86_64/CompilerIdC.LinkFileList -mmacosx-version-min=10.11 -Xlinker -dependency_info -Xlinker /Users/zhoushiwei/caffe/buildios/CMakeFiles/3.6.1/CompilerIdC/CompilerIdC.build/Debug/CompilerIdC.build/Objects-normal/x86_64/CompilerIdC_dependency_info.dat -o /Users/zhoushiwei/caffe/buildios/CMakeFiles/3.6.1/CompilerIdC/CompilerIdC

PhaseScriptExecution Run\ Script CompilerIdC.build/Debug/CompilerIdC.build/Script-2C8FEB8E15DC1A1A00E56A5D.sh
    cd /Users/zhoushiwei/caffe/buildios/CMakeFiles/3.6.1/CompilerIdC
    /bin/sh -c /Users/zhoushiwei/caffe/buildios/CMakeFiles/3.6.1/CompilerIdC/CompilerIdC.build/Debug/CompilerIdC.build/Script-2C8FEB8E15DC1A1A00E56A5D.sh
GCC_VERSION=com.apple.compilers.llvm.clang.1_0

** BUILD SUCCEEDED **



Compilation of the C compiler identification source "CMakeCCompilerId.c" produced "CompilerIdC"

The C compiler identification is AppleClang, found in "/Users/zhoushiwei/caffe/buildios/CMakeFiles/3.6.1/CompilerIdC/CompilerIdC"

Compiling the CXX compiler identification source file "CMakeCXXCompilerId.cpp" succeeded.
Compiler:  
Build flags: 
Id flags: 

The output was:
0
2016-08-18 17:37:42.294 xcodebuild[19026:979310] [MT] PluginLoading: Required plug-in compatibility UUID ACA8656B-FEA8-4B6D-8E4A-93F4C95C362C for plug-in at path '~/Library/Application Support/Developer/Shared/Xcode/Plug-ins/XAlign.xcplugin' not present in DVTPlugInCompatibilityUUIDs
=== BUILD TARGET CompilerIdCXX OF PROJECT CompilerIdCXX WITH THE DEFAULT CONFIGURATION (Debug) ===

Check dependencies

Write auxiliary files
write-file /Users/zhoushiwei/caffe/buildios/CMakeFiles/3.6.1/CompilerIdCXX/CompilerIdCXX.build/Debug/CompilerIdCXX.build/CompilerIdCXX.hmap
/bin/mkdir -p /Users/zhoushiwei/caffe/buildios/CMakeFiles/3.6.1/CompilerIdCXX/CompilerIdCXX.build/Debug/CompilerIdCXX.build/Objects-normal/x86_64
write-file /Users/zhoushiwei/caffe/buildios/CMakeFiles/3.6.1/CompilerIdCXX/CompilerIdCXX.build/Debug/CompilerIdCXX.build/Objects-normal/x86_64/CompilerIdCXX.LinkFileList
write-file /Users/zhoushiwei/caffe/buildios/CMakeFiles/3.6.1/CompilerIdCXX/CompilerIdCXX.build/Debug/CompilerIdCXX.build/CompilerIdCXX-own-target-headers.hmap
write-file /Users/zhoushiwei/caffe/buildios/CMakeFiles/3.6.1/CompilerIdCXX/CompilerIdCXX.build/Debug/CompilerIdCXX.build/CompilerIdCXX-project-headers.hmap
write-file /Users/zhoushiwei/caffe/buildios/CMakeFiles/3.6.1/CompilerIdCXX/CompilerIdCXX.build/Debug/CompilerIdCXX.build/CompilerIdCXX-all-target-headers.hmap
write-file /Users/zhoushiwei/caffe/buildios/CMakeFiles/3.6.1/CompilerIdCXX/CompilerIdCXX.build/Debug/CompilerIdCXX.build/Script-2C8FEB8E15DC1A1A00E56A5D.sh
chmod 0755 /Users/zhoushiwei/caffe/buildios/CMakeFiles/3.6.1/CompilerIdCXX/CompilerIdCXX.build/Debug/CompilerIdCXX.build/Script-2C8FEB8E15DC1A1A00E56A5D.sh
write-file /Users/zhoushiwei/caffe/buildios/CMakeFiles/3.6.1/CompilerIdCXX/CompilerIdCXX.build/Debug/CompilerIdCXX.build/CompilerIdCXX-generated-files.hmap
write-file /Users/zhoushiwei/caffe/buildios/CMakeFiles/3.6.1/CompilerIdCXX/CompilerIdCXX.build/Debug/CompilerIdCXX.build/CompilerIdCXX-all-non-framework-target-headers.hmap

CompileC CompilerIdCXX.build/Debug/CompilerIdCXX.build/Objects-normal/x86_64/CMakeCXXCompilerId.o CMakeCXXCompilerId.cpp normal x86_64 c++ com.apple.compilers.llvm.clang.1_0.compiler
    cd /Users/zhoushiwei/caffe/buildios/CMakeFiles/3.6.1/CompilerIdCXX
    export LANG=en_US.US-ASCII
    /Applications/Xcode.app/Contents/Developer/Toolchains/XcodeDefault.xctoolchain/usr/bin/clang -x c++ -arch x86_64 -fmessage-length=0 -fdiagnostics-show-note-include-stack -fmacro-backtrace-limit=0 -Wno-trigraphs -fpascal-strings -Os -Wno-missing-field-initializers -Wno-missing-prototypes -Wno-return-type -Wno-non-virtual-dtor -Wno-overloaded-virtual -Wno-exit-time-destructors -Wno-missing-braces -Wparentheses -Wswitch -Wno-unused-function -Wno-unused-label -Wno-unused-parameter -Wno-unused-variable -Wunused-value -Wno-empty-body -Wno-uninitialized -Wno-unknown-pragmas -Wno-shadow -Wno-four-char-constants -Wno-conversion -Wno-constant-conversion -Wno-int-conversion -Wno-bool-conversion -Wno-enum-conversion -Wno-shorten-64-to-32 -Wno-newline-eof -Wno-c++11-extensions -isysroot /Applications/Xcode.app/Contents/Developer/Platforms/MacOSX.platform/Developer/SDKs/MacOSX10.11.sdk -fasm-blocks -fstrict-aliasing -Wdeprecated-declarations -Winvalid-offsetof -mmacosx-version-min=10.11 -g -fvisibility=hidden -fvisibility-inlines-hidden -Wno-sign-conversion -I/Users/zhoushiwei/caffe/buildios/CMakeFiles/3.6.1/CompilerIdCXX/CompilerIdCXX.build/Debug/CompilerIdCXX.build/CompilerIdCXX.hmap -I/Users/zhoushiwei/caffe/buildios/CMakeFiles/3.6.1/CompilerIdCXX/include -I/Users/zhoushiwei/caffe/buildios/CMakeFiles/3.6.1/CompilerIdCXX/CompilerIdCXX.build/Debug/CompilerIdCXX.build/DerivedSources/x86_64 -I/Users/zhoushiwei/caffe/buildios/CMakeFiles/3.6.1/CompilerIdCXX/CompilerIdCXX.build/Debug/CompilerIdCXX.build/DerivedSources -F/Users/zhoushiwei/caffe/buildios/CMakeFiles/3.6.1/CompilerIdCXX -MMD -MT dependencies -MF /Users/zhoushiwei/caffe/buildios/CMakeFiles/3.6.1/CompilerIdCXX/CompilerIdCXX.build/Debug/CompilerIdCXX.build/Objects-normal/x86_64/CMakeCXXCompilerId.d --serialize-diagnostics /Users/zhoushiwei/caffe/buildios/CMakeFiles/3.6.1/CompilerIdCXX/CompilerIdCXX.build/Debug/CompilerIdCXX.build/Objects-normal/x86_64/CMakeCXXCompilerId.dia -c /Users/zhoushiwei/caffe/buildios/CMakeFiles/3.6.1/CompilerIdCXX/CMakeCXXCompilerId.cpp -o /Users/zhoushiwei/caffe/buildios/CMakeFiles/3.6.1/CompilerIdCXX/CompilerIdCXX.build/Debug/CompilerIdCXX.build/Objects-normal/x86_64/CMakeCXXCompilerId.o

Ld CompilerIdCXX normal x86_64
    cd /Users/zhoushiwei/caffe/buildios/CMakeFiles/3.6.1/CompilerIdCXX
    export MACOSX_DEPLOYMENT_TARGET=10.11
    /Applications/Xcode.app/Contents/Developer/Toolchains/XcodeDefault.xctoolchain/usr/bin/clang++ -arch x86_64 -isysroot /Applications/Xcode.app/Contents/Developer/Platforms/MacOSX.platform/Developer/SDKs/MacOSX10.11.sdk -L/Users/zhoushiwei/caffe/buildios/CMakeFiles/3.6.1/CompilerIdCXX -F/Users/zhoushiwei/caffe/buildios/CMakeFiles/3.6.1/CompilerIdCXX -filelist /Users/zhoushiwei/caffe/buildios/CMakeFiles/3.6.1/CompilerIdCXX/CompilerIdCXX.build/Debug/CompilerIdCXX.build/Objects-normal/x86_64/CompilerIdCXX.LinkFileList -mmacosx-version-min=10.11 -Xlinker -dependency_info -Xlinker /Users/zhoushiwei/caffe/buildios/CMakeFiles/3.6.1/CompilerIdCXX/CompilerIdCXX.build/Debug/CompilerIdCXX.build/Objects-normal/x86_64/CompilerIdCXX_dependency_info.dat -o /Users/zhoushiwei/caffe/buildios/CMakeFiles/3.6.1/CompilerIdCXX/CompilerIdCXX

PhaseScriptExecution Run\ Script CompilerIdCXX.build/Debug/CompilerIdCXX.build/Script-2C8FEB8E15DC1A1A00E56A5D.sh
    cd /Users/zhoushiwei/caffe/buildios/CMakeFiles/3.6.1/CompilerIdCXX
    /bin/sh -c /Users/zhoushiwei/caffe/buildios/CMakeFiles/3.6.1/CompilerIdCXX/CompilerIdCXX.build/Debug/CompilerIdCXX.build/Script-2C8FEB8E15DC1A1A00E56A5D.sh
GCC_VERSION=com.apple.compilers.llvm.clang.1_0

** BUILD SUCCEEDED **



Compilation of the CXX compiler identification source "CMakeCXXCompilerId.cpp" produced "CompilerIdCXX"

The CXX compiler identification is AppleClang, found in "/Users/zhoushiwei/caffe/buildios/CMakeFiles/3.6.1/CompilerIdCXX/CompilerIdCXX"

Determining if the C compiler works passed with the following output:
Change Dir: /Users/zhoushiwei/caffe/buildios/CMakeFiles/CMakeTmp

Run Build Command:"/usr/bin/xcodebuild" "-project" "CMAKE_TRY_COMPILE.xcodeproj" "build" "-target" "cmTC_a7930" "-configuration" "Debug"
2016-08-18 17:37:42.973 xcodebuild[19043:979366] [MT] PluginLoading: Required plug-in compatibility UUID ACA8656B-FEA8-4B6D-8E4A-93F4C95C362C for plug-in at path '~/Library/Application Support/Developer/Shared/Xcode/Plug-ins/XAlign.xcplugin' not present in DVTPlugInCompatibilityUUIDs
=== BUILD TARGET cmTC_a7930 OF PROJECT CMAKE_TRY_COMPILE WITH CONFIGURATION Debug ===

Check dependencies

Write auxiliary files
/bin/mkdir -p /Users/zhoushiwei/caffe/buildios/CMakeFiles/CMakeTmp/CMAKE_TRY_COMPILE.build/Debug/cmTC_a7930.build/Objects-normal/x86_64
write-file /Users/zhoushiwei/caffe/buildios/CMakeFiles/CMakeTmp/CMAKE_TRY_COMPILE.build/Debug/cmTC_a7930.build/Objects-normal/x86_64/cmTC_a7930.LinkFileList

CompileC CMAKE_TRY_COMPILE.build/Debug/cmTC_a7930.build/Objects-normal/x86_64/testCCompiler.o testCCompiler.c normal x86_64 c com.apple.compilers.llvm.clang.1_0.compiler
    cd /Users/zhoushiwei/caffe/buildios/CMakeFiles/CMakeTmp
    export LANG=en_US.US-ASCII
    /Applications/Xcode.app/Contents/Developer/Toolchains/XcodeDefault.xctoolchain/usr/bin/clang -x c -arch x86_64 -fmessage-length=0 -fdiagnostics-show-note-include-stack -fmacro-backtrace-limit=0 -Wno-trigraphs -fpascal-strings -O0 -Wno-missing-field-initializers -Wno-missing-prototypes -Wno-return-type -Wno-missing-braces -Wparentheses -Wswitch -Wno-unused-function -Wno-unused-label -Wno-unused-parameter -Wno-unused-variable -Wunused-value -Wno-empty-body -Wno-uninitialized -Wno-unknown-pragmas -Wno-shadow -Wno-four-char-constants -Wno-conversion -Wno-constant-conversion -Wno-int-conversion -Wno-bool-conversion -Wno-enum-conversion -Wno-shorten-64-to-32 -Wpointer-sign -Wno-newline-eof -DCMAKE_INTDIR=\"Debug\" -isysroot /Applications/Xcode.app/Contents/Developer/Platforms/MacOSX.platform/Developer/SDKs/MacOSX10.11.sdk -fasm-blocks -fstrict-aliasing -Wdeprecated-declarations -mmacosx-version-min=10.11 -g -Wno-sign-conversion -I/Users/zhoushiwei/caffe/buildios/CMakeFiles/CMakeTmp/Debug/include -I/Users/zhoushiwei/caffe/buildios/CMakeFiles/CMakeTmp/CMAKE_TRY_COMPILE.build/Debug/cmTC_a7930.build/DerivedSources/x86_64 -I/Users/zhoushiwei/caffe/buildios/CMakeFiles/CMakeTmp/CMAKE_TRY_COMPILE.build/Debug/cmTC_a7930.build/DerivedSources -Wmost -Wno-four-char-constants -Wno-unknown-pragmas -F/Users/zhoushiwei/caffe/buildios/CMakeFiles/CMakeTmp/Debug -MMD -MT dependencies -MF /Users/zhoushiwei/caffe/buildios/CMakeFiles/CMakeTmp/CMAKE_TRY_COMPILE.build/Debug/cmTC_a7930.build/Objects-normal/x86_64/testCCompiler.d --serialize-diagnostics /Users/zhoushiwei/caffe/buildios/CMakeFiles/CMakeTmp/CMAKE_TRY_COMPILE.build/Debug/cmTC_a7930.build/Objects-normal/x86_64/testCCompiler.dia -c /Users/zhoushiwei/caffe/buildios/CMakeFiles/CMakeTmp/testCCompiler.c -o /Users/zhoushiwei/caffe/buildios/CMakeFiles/CMakeTmp/CMAKE_TRY_COMPILE.build/Debug/cmTC_a7930.build/Objects-normal/x86_64/testCCompiler.o

Ld Debug/cmTC_a7930 normal x86_64
    cd /Users/zhoushiwei/caffe/buildios/CMakeFiles/CMakeTmp
    export MACOSX_DEPLOYMENT_TARGET=10.11
    /Applications/Xcode.app/Contents/Developer/Toolchains/XcodeDefault.xctoolchain/usr/bin/clang -arch x86_64 -isysroot /Applications/Xcode.app/Contents/Developer/Platforms/MacOSX.platform/Developer/SDKs/MacOSX10.11.sdk -L/Users/zhoushiwei/caffe/buildios/CMakeFiles/CMakeTmp/Debug -F/Users/zhoushiwei/caffe/buildios/CMakeFiles/CMakeTmp/Debug -filelist /Users/zhoushiwei/caffe/buildios/CMakeFiles/CMakeTmp/CMAKE_TRY_COMPILE.build/Debug/cmTC_a7930.build/Objects-normal/x86_64/cmTC_a7930.LinkFileList -mmacosx-version-min=10.11 -Xlinker -no_deduplicate -Wl,-search_paths_first -Wl,-headerpad_max_install_names -Xlinker -dependency_info -Xlinker /Users/zhoushiwei/caffe/buildios/CMakeFiles/CMakeTmp/CMAKE_TRY_COMPILE.build/Debug/cmTC_a7930.build/Objects-normal/x86_64/cmTC_a7930_dependency_info.dat -o /Users/zhoushiwei/caffe/buildios/CMakeFiles/CMakeTmp/Debug/cmTC_a7930

** BUILD SUCCEEDED **



Detecting C compiler ABI info compiled with the following output:
Change Dir: /Users/zhoushiwei/caffe/buildios/CMakeFiles/CMakeTmp

Run Build Command:"/usr/bin/xcodebuild" "-project" "CMAKE_TRY_COMPILE.xcodeproj" "build" "-target" "cmTC_b0986" "-configuration" "Debug"
2016-08-18 17:37:43.640 xcodebuild[19059:979417] [MT] PluginLoading: Required plug-in compatibility UUID ACA8656B-FEA8-4B6D-8E4A-93F4C95C362C for plug-in at path '~/Library/Application Support/Developer/Shared/Xcode/Plug-ins/XAlign.xcplugin' not present in DVTPlugInCompatibilityUUIDs
=== BUILD TARGET cmTC_b0986 OF PROJECT CMAKE_TRY_COMPILE WITH CONFIGURATION Debug ===

Check dependencies

Write auxiliary files
/bin/mkdir -p /Users/zhoushiwei/caffe/buildios/CMakeFiles/CMakeTmp/CMAKE_TRY_COMPILE.build/Debug/cmTC_b0986.build/Objects-normal/x86_64
write-file /Users/zhoushiwei/caffe/buildios/CMakeFiles/CMakeTmp/CMAKE_TRY_COMPILE.build/Debug/cmTC_b0986.build/Objects-normal/x86_64/cmTC_b0986.LinkFileList

CompileC CMAKE_TRY_COMPILE.build/Debug/cmTC_b0986.build/Objects-normal/x86_64/CMakeCCompilerABI.o /Applications/CMake.app/Contents/share/cmake-3.6/Modules/CMakeCCompilerABI.c normal x86_64 c com.apple.compilers.llvm.clang.1_0.compiler
    cd /Users/zhoushiwei/caffe/buildios/CMakeFiles/CMakeTmp
    export LANG=en_US.US-ASCII
    /Applications/Xcode.app/Contents/Developer/Toolchains/XcodeDefault.xctoolchain/usr/bin/clang -x c -arch x86_64 -fmessage-length=0 -fdiagnostics-show-note-include-stack -fmacro-backtrace-limit=0 -Wno-trigraphs -fpascal-strings -O0 -Wno-missing-field-initializers -Wno-missing-prototypes -Wno-return-type -Wno-missing-braces -Wparentheses -Wswitch -Wno-unused-function -Wno-unused-label -Wno-unused-parameter -Wno-unused-variable -Wunused-value -Wno-empty-body -Wno-uninitialized -Wno-unknown-pragmas -Wno-shadow -Wno-four-char-constants -Wno-conversion -Wno-constant-conversion -Wno-int-conversion -Wno-bool-conversion -Wno-enum-conversion -Wno-shorten-64-to-32 -Wpointer-sign -Wno-newline-eof -DCMAKE_INTDIR=\"Debug\" -isysroot /Applications/Xcode.app/Contents/Developer/Platforms/MacOSX.platform/Developer/SDKs/MacOSX10.11.sdk -fasm-blocks -fstrict-aliasing -Wdeprecated-declarations -mmacosx-version-min=10.11 -g -Wno-sign-conversion -I/Users/zhoushiwei/caffe/buildios/CMakeFiles/CMakeTmp/Debug/include -I/Users/zhoushiwei/caffe/buildios/CMakeFiles/CMakeTmp/CMAKE_TRY_COMPILE.build/Debug/cmTC_b0986.build/DerivedSources/x86_64 -I/Users/zhoushiwei/caffe/buildios/CMakeFiles/CMakeTmp/CMAKE_TRY_COMPILE.build/Debug/cmTC_b0986.build/DerivedSources -Wmost -Wno-four-char-constants -Wno-unknown-pragmas -F/Users/zhoushiwei/caffe/buildios/CMakeFiles/CMakeTmp/Debug -MMD -MT dependencies -MF /Users/zhoushiwei/caffe/buildios/CMakeFiles/CMakeTmp/CMAKE_TRY_COMPILE.build/Debug/cmTC_b0986.build/Objects-normal/x86_64/CMakeCCompilerABI.d --serialize-diagnostics /Users/zhoushiwei/caffe/buildios/CMakeFiles/CMakeTmp/CMAKE_TRY_COMPILE.build/Debug/cmTC_b0986.build/Objects-normal/x86_64/CMakeCCompilerABI.dia -c /Applications/CMake.app/Contents/share/cmake-3.6/Modules/CMakeCCompilerABI.c -o /Users/zhoushiwei/caffe/buildios/CMakeFiles/CMakeTmp/CMAKE_TRY_COMPILE.build/Debug/cmTC_b0986.build/Objects-normal/x86_64/CMakeCCompilerABI.o

Ld Debug/cmTC_b0986 normal x86_64
    cd /Users/zhoushiwei/caffe/buildios/CMakeFiles/CMakeTmp
    export MACOSX_DEPLOYMENT_TARGET=10.11
    /Applications/Xcode.app/Contents/Developer/Toolchains/XcodeDefault.xctoolchain/usr/bin/clang -arch x86_64 -isysroot /Applications/Xcode.app/Contents/Developer/Platforms/MacOSX.platform/Developer/SDKs/MacOSX10.11.sdk -L/Users/zhoushiwei/caffe/buildios/CMakeFiles/CMakeTmp/Debug -F/Users/zhoushiwei/caffe/buildios/CMakeFiles/CMakeTmp/Debug -filelist /Users/zhoushiwei/caffe/buildios/CMakeFiles/CMakeTmp/CMAKE_TRY_COMPILE.build/Debug/cmTC_b0986.build/Objects-normal/x86_64/cmTC_b0986.LinkFileList -mmacosx-version-min=10.11 -Xlinker -no_deduplicate -v -Wl,-v -Wl,-search_paths_first -Wl,-headerpad_max_install_names -Xlinker -dependency_info -Xlinker /Users/zhoushiwei/caffe/buildios/CMakeFiles/CMakeTmp/CMAKE_TRY_COMPILE.build/Debug/cmTC_b0986.build/Objects-normal/x86_64/cmTC_b0986_dependency_info.dat -o /Users/zhoushiwei/caffe/buildios/CMakeFiles/CMakeTmp/Debug/cmTC_b0986
Apple LLVM version 7.3.0 (clang-703.0.29)
Target: x86_64-apple-darwin15.6.0
Thread model: posix
InstalledDir: /Applications/Xcode.app/Contents/Developer/Toolchains/XcodeDefault.xctoolchain/usr/bin
 "/Applications/Xcode.app/Contents/Developer/Toolchains/XcodeDefault.xctoolchain/usr/bin/ld" -demangle -dynamic -arch x86_64 -macosx_version_min 10.11.0 -syslibroot /Applications/Xcode.app/Contents/Developer/Platforms/MacOSX.platform/Developer/SDKs/MacOSX10.11.sdk -o /Users/zhoushiwei/caffe/buildios/CMakeFiles/CMakeTmp/Debug/cmTC_b0986 -L/Users/zhoushiwei/caffe/buildios/CMakeFiles/CMakeTmp/Debug -filelist /Users/zhoushiwei/caffe/buildios/CMakeFiles/CMakeTmp/CMAKE_TRY_COMPILE.build/Debug/cmTC_b0986.build/Objects-normal/x86_64/cmTC_b0986.LinkFileList -no_deduplicate -v -search_paths_first -headerpad_max_install_names -dependency_info /Users/zhoushiwei/caffe/buildios/CMakeFiles/CMakeTmp/CMAKE_TRY_COMPILE.build/Debug/cmTC_b0986.build/Objects-normal/x86_64/cmTC_b0986_dependency_info.dat -lSystem /Applications/Xcode.app/Contents/Developer/Toolchains/XcodeDefault.xctoolchain/usr/bin/../lib/clang/7.3.0/lib/darwin/libclang_rt.osx.a -F/Users/zhoushiwei/caffe/buildios/CMakeFiles/CMakeTmp/Debug
@(#)PROGRAM:ld  PROJECT:ld64-264.3.101
configured to support archs: armv6 armv7 armv7s arm64 i386 x86_64 x86_64h armv6m armv7k armv7m armv7em (tvOS)
Library search paths:
	/Users/zhoushiwei/caffe/buildios/CMakeFiles/CMakeTmp/Debug
	/Applications/Xcode.app/Contents/Developer/Platforms/MacOSX.platform/Developer/SDKs/MacOSX10.11.sdk/usr/lib
Framework search paths:
	/Users/zhoushiwei/caffe/buildios/CMakeFiles/CMakeTmp/Debug
	/Applications/Xcode.app/Contents/Developer/Platforms/MacOSX.platform/Developer/SDKs/MacOSX10.11.sdk/System/Library/Frameworks/

** BUILD SUCCEEDED **



Parsed C implicit link information from above output:
  link line regex: [^( *|.*[/\])(ld|([^/\]+-)?ld|collect2)[^/\]*( |$)]
  ignore line: [Change Dir: /Users/zhoushiwei/caffe/buildios/CMakeFiles/CMakeTmp]
  ignore line: []
  ignore line: [Run Build Command:"/usr/bin/xcodebuild" "-project" "CMAKE_TRY_COMPILE.xcodeproj" "build" "-target" "cmTC_b0986" "-configuration" "Debug"]
  ignore line: [2016-08-18 17:37:43.640 xcodebuild[19059:979417] [MT] PluginLoading: Required plug-in compatibility UUID ACA8656B-FEA8-4B6D-8E4A-93F4C95C362C for plug-in at path '~/Library/Application Support/Developer/Shared/Xcode/Plug-ins/XAlign.xcplugin' not present in DVTPlugInCompatibilityUUIDs]
  ignore line: [=== BUILD TARGET cmTC_b0986 OF PROJECT CMAKE_TRY_COMPILE WITH CONFIGURATION Debug ===]
  ignore line: []
  ignore line: [Check dependencies]
  ignore line: []
  ignore line: [Write auxiliary files]
  ignore line: [/bin/mkdir -p /Users/zhoushiwei/caffe/buildios/CMakeFiles/CMakeTmp/CMAKE_TRY_COMPILE.build/Debug/cmTC_b0986.build/Objects-normal/x86_64]
  ignore line: [write-file /Users/zhoushiwei/caffe/buildios/CMakeFiles/CMakeTmp/CMAKE_TRY_COMPILE.build/Debug/cmTC_b0986.build/Objects-normal/x86_64/cmTC_b0986.LinkFileList]
  ignore line: []
  ignore line: [CompileC CMAKE_TRY_COMPILE.build/Debug/cmTC_b0986.build/Objects-normal/x86_64/CMakeCCompilerABI.o /Applications/CMake.app/Contents/share/cmake-3.6/Modules/CMakeCCompilerABI.c normal x86_64 c com.apple.compilers.llvm.clang.1_0.compiler]
  ignore line: [    cd /Users/zhoushiwei/caffe/buildios/CMakeFiles/CMakeTmp]
  ignore line: [    export LANG=en_US.US-ASCII]
  ignore line: [    /Applications/Xcode.app/Contents/Developer/Toolchains/XcodeDefault.xctoolchain/usr/bin/clang -x c -arch x86_64 -fmessage-length=0 -fdiagnostics-show-note-include-stack -fmacro-backtrace-limit=0 -Wno-trigraphs -fpascal-strings -O0 -Wno-missing-field-initializers -Wno-missing-prototypes -Wno-return-type -Wno-missing-braces -Wparentheses -Wswitch -Wno-unused-function -Wno-unused-label -Wno-unused-parameter -Wno-unused-variable -Wunused-value -Wno-empty-body -Wno-uninitialized -Wno-unknown-pragmas -Wno-shadow -Wno-four-char-constants -Wno-conversion -Wno-constant-conversion -Wno-int-conversion -Wno-bool-conversion -Wno-enum-conversion -Wno-shorten-64-to-32 -Wpointer-sign -Wno-newline-eof -DCMAKE_INTDIR=\"Debug\" -isysroot /Applications/Xcode.app/Contents/Developer/Platforms/MacOSX.platform/Developer/SDKs/MacOSX10.11.sdk -fasm-blocks -fstrict-aliasing -Wdeprecated-declarations -mmacosx-version-min=10.11 -g -Wno-sign-conversion -I/Users/zhoushiwei/caffe/buildios/CMakeFiles/CMakeTmp/Debug/include -I/Users/zhoushiwei/caffe/buildios/CMakeFiles/CMakeTmp/CMAKE_TRY_COMPILE.build/Debug/cmTC_b0986.build/DerivedSources/x86_64 -I/Users/zhoushiwei/caffe/buildios/CMakeFiles/CMakeTmp/CMAKE_TRY_COMPILE.build/Debug/cmTC_b0986.build/DerivedSources -Wmost -Wno-four-char-constants -Wno-unknown-pragmas -F/Users/zhoushiwei/caffe/buildios/CMakeFiles/CMakeTmp/Debug -MMD -MT dependencies -MF /Users/zhoushiwei/caffe/buildios/CMakeFiles/CMakeTmp/CMAKE_TRY_COMPILE.build/Debug/cmTC_b0986.build/Objects-normal/x86_64/CMakeCCompilerABI.d --serialize-diagnostics /Users/zhoushiwei/caffe/buildios/CMakeFiles/CMakeTmp/CMAKE_TRY_COMPILE.build/Debug/cmTC_b0986.build/Objects-normal/x86_64/CMakeCCompilerABI.dia -c /Applications/CMake.app/Contents/share/cmake-3.6/Modules/CMakeCCompilerABI.c -o /Users/zhoushiwei/caffe/buildios/CMakeFiles/CMakeTmp/CMAKE_TRY_COMPILE.build/Debug/cmTC_b0986.build/Objects-normal/x86_64/CMakeCCompilerABI.o]
  ignore line: []
  ignore line: [Ld Debug/cmTC_b0986 normal x86_64]
  ignore line: [    cd /Users/zhoushiwei/caffe/buildios/CMakeFiles/CMakeTmp]
  ignore line: [    export MACOSX_DEPLOYMENT_TARGET=10.11]
  ignore line: [    /Applications/Xcode.app/Contents/Developer/Toolchains/XcodeDefault.xctoolchain/usr/bin/clang -arch x86_64 -isysroot /Applications/Xcode.app/Contents/Developer/Platforms/MacOSX.platform/Developer/SDKs/MacOSX10.11.sdk -L/Users/zhoushiwei/caffe/buildios/CMakeFiles/CMakeTmp/Debug -F/Users/zhoushiwei/caffe/buildios/CMakeFiles/CMakeTmp/Debug -filelist /Users/zhoushiwei/caffe/buildios/CMakeFiles/CMakeTmp/CMAKE_TRY_COMPILE.build/Debug/cmTC_b0986.build/Objects-normal/x86_64/cmTC_b0986.LinkFileList -mmacosx-version-min=10.11 -Xlinker -no_deduplicate -v -Wl,-v -Wl,-search_paths_first -Wl,-headerpad_max_install_names -Xlinker -dependency_info -Xlinker /Users/zhoushiwei/caffe/buildios/CMakeFiles/CMakeTmp/CMAKE_TRY_COMPILE.build/Debug/cmTC_b0986.build/Objects-normal/x86_64/cmTC_b0986_dependency_info.dat -o /Users/zhoushiwei/caffe/buildios/CMakeFiles/CMakeTmp/Debug/cmTC_b0986]
  ignore line: [Apple LLVM version 7.3.0 (clang-703.0.29)]
  ignore line: [Target: x86_64-apple-darwin15.6.0]
  ignore line: [Thread model: posix]
  ignore line: [InstalledDir: /Applications/Xcode.app/Contents/Developer/Toolchains/XcodeDefault.xctoolchain/usr/bin]
  reduced line: [ "/Applications/Xcode.app/Contents/Developer/Toolchains/XcodeDefault.xctoolchain/usr/bin/ld" -demangle -dynamic -arch x86_64 -macosx_version_min 10.11.0 -syslibroot /Applications/Xcode.app/Contents/Developer/Platforms/MacOSX.platform/Developer/SDKs/MacOSX10.11.sdk -o /Users/zhoushiwei/caffe/buildios/CMakeFiles/CMakeTmp/Debug/cmTC_b0986 -L/Users/zhoushiwei/caffe/buildios/CMakeFiles/CMakeTmp/Debug -filelist /Users/zhoushiwei/caffe/buildios/CMakeFiles/CMakeTmp/CMAKE_TRY_COMPILE.build/Debug/cmTC_b0986.build/Objects-normal/x86_64/cmTC_b0986.LinkFileList -no_deduplicate -v -search_paths_first -headerpad_max_install_names -dependency_info /Users/zhoushiwei/caffe/buildios/CMakeFiles/CMakeTmp/CMAKE_TRY_COMPILE.build/Debug/cmTC_b0986.build/Objects-normal/x86_64/cmTC_b0986_dependency_info.dat -lSystem /Applications/Xcode.app/Contents/Developer/Toolchains/XcodeDefault.xctoolchain/usr/bin/../lib/clang/7.3.0/lib/darwin/libclang_rt.osx.a -F/Users/zhoushiwei/caffe/buildios/CMakeFiles/CMakeTmp/Debug]
            to: [ "/Applications/Xcode.app/Contents/Developer/Toolchains/XcodeDefault.xctoolchain/usr/bin/ld" -demangle -dynamic -arch x86_64 -macosx_version_min 10.11.0 -syslibroot /Applications/Xcode.app/Contents/Developer/Platforms/MacOSX.platform/Developer/SDKs/MacOSX10.11.sdk -o /Users/zhoushiwei/caffe/buildios/CMakeFiles/CMakeTmp/Debug/cmTC_b0986 -filelist /Users/zhoushiwei/caffe/buildios/CMakeFiles/CMakeTmp/CMAKE_TRY_COMPILE.build/Debug/cmTC_b0986.build/Objects-normal/x86_64/cmTC_b0986.LinkFileList -no_deduplicate -v -search_paths_first -headerpad_max_install_names -dependency_info /Users/zhoushiwei/caffe/buildios/CMakeFiles/CMakeTmp/CMAKE_TRY_COMPILE.build/Debug/cmTC_b0986.build/Objects-normal/x86_64/cmTC_b0986_dependency_info.dat -lSystem /Applications/Xcode.app/Contents/Developer/Toolchains/XcodeDefault.xctoolchain/usr/bin/../lib/clang/7.3.0/lib/darwin/libclang_rt.osx.a ]
  link line: [ "/Applications/Xcode.app/Contents/Developer/Toolchains/XcodeDefault.xctoolchain/usr/bin/ld" -demangle -dynamic -arch x86_64 -macosx_version_min 10.11.0 -syslibroot /Applications/Xcode.app/Contents/Developer/Platforms/MacOSX.platform/Developer/SDKs/MacOSX10.11.sdk -o /Users/zhoushiwei/caffe/buildios/CMakeFiles/CMakeTmp/Debug/cmTC_b0986 -filelist /Users/zhoushiwei/caffe/buildios/CMakeFiles/CMakeTmp/CMAKE_TRY_COMPILE.build/Debug/cmTC_b0986.build/Objects-normal/x86_64/cmTC_b0986.LinkFileList -no_deduplicate -v -search_paths_first -headerpad_max_install_names -dependency_info /Users/zhoushiwei/caffe/buildios/CMakeFiles/CMakeTmp/CMAKE_TRY_COMPILE.build/Debug/cmTC_b0986.build/Objects-normal/x86_64/cmTC_b0986_dependency_info.dat -lSystem /Applications/Xcode.app/Contents/Developer/Toolchains/XcodeDefault.xctoolchain/usr/bin/../lib/clang/7.3.0/lib/darwin/libclang_rt.osx.a ]
    arg [/Applications/Xcode.app/Contents/Developer/Toolchains/XcodeDefault.xctoolchain/usr/bin/ld] ==> ignore
    arg [-demangle] ==> ignore
    arg [-dynamic] ==> ignore
    arg [-arch] ==> ignore
    arg [x86_64] ==> ignore
    arg [-macosx_version_min] ==> ignore
    arg [10.11.0] ==> ignore
    arg [-syslibroot] ==> ignore
    arg [/Applications/Xcode.app/Contents/Developer/Platforms/MacOSX.platform/Developer/SDKs/MacOSX10.11.sdk] ==> ignore
    arg [-o] ==> ignore
    arg [/Users/zhoushiwei/caffe/buildios/CMakeFiles/CMakeTmp/Debug/cmTC_b0986] ==> ignore
    arg [-filelist] ==> ignore
    arg [/Users/zhoushiwei/caffe/buildios/CMakeFiles/CMakeTmp/CMAKE_TRY_COMPILE.build/Debug/cmTC_b0986.build/Objects-normal/x86_64/cmTC_b0986.LinkFileList] ==> ignore
    arg [-no_deduplicate] ==> ignore
    arg [-v] ==> ignore
    arg [-search_paths_first] ==> ignore
    arg [-headerpad_max_install_names] ==> ignore
    arg [-dependency_info] ==> ignore
    arg [/Users/zhoushiwei/caffe/buildios/CMakeFiles/CMakeTmp/CMAKE_TRY_COMPILE.build/Debug/cmTC_b0986.build/Objects-normal/x86_64/cmTC_b0986_dependency_info.dat] ==> ignore
    arg [-lSystem] ==> lib [System]
    arg [/Applications/Xcode.app/Contents/Developer/Toolchains/XcodeDefault.xctoolchain/usr/bin/../lib/clang/7.3.0/lib/darwin/libclang_rt.osx.a] ==> lib [/Applications/Xcode.app/Contents/Developer/Toolchains/XcodeDefault.xctoolchain/usr/bin/../lib/clang/7.3.0/lib/darwin/libclang_rt.osx.a]
  Library search paths: [;/Users/zhoushiwei/caffe/buildios/CMakeFiles/CMakeTmp/Debug;/Applications/Xcode.app/Contents/Developer/Platforms/MacOSX.platform/Developer/SDKs/MacOSX10.11.sdk/usr/lib]
  Framework search paths: [;/Users/zhoushiwei/caffe/buildios/CMakeFiles/CMakeTmp/Debug;/Applications/Xcode.app/Contents/Developer/Platforms/MacOSX.platform/Developer/SDKs/MacOSX10.11.sdk/System/Library/Frameworks/]
  remove lib [System]
  collapse lib [/Applications/Xcode.app/Contents/Developer/Toolchains/XcodeDefault.xctoolchain/usr/bin/../lib/clang/7.3.0/lib/darwin/libclang_rt.osx.a] ==> [/Applications/Xcode.app/Contents/Developer/Toolchains/XcodeDefault.xctoolchain/usr/lib/clang/7.3.0/lib/darwin/libclang_rt.osx.a]
  collapse library dir [/Users/zhoushiwei/caffe/buildios/CMakeFiles/CMakeTmp/Debug] ==> [/Users/zhoushiwei/caffe/buildios/CMakeFiles/CMakeTmp/Debug], skipping non-system directory
  collapse library dir [/Applications/Xcode.app/Contents/Developer/Platforms/MacOSX.platform/Developer/SDKs/MacOSX10.11.sdk/usr/lib] ==> [/Applications/Xcode.app/Contents/Developer/Platforms/MacOSX.platform/Developer/SDKs/MacOSX10.11.sdk/usr/lib]
  collapse framework dir [/Users/zhoushiwei/caffe/buildios/CMakeFiles/CMakeTmp/Debug] ==> [/Users/zhoushiwei/caffe/buildios/CMakeFiles/CMakeTmp/Debug], skipping non-system directory
  collapse framework dir [/Applications/Xcode.app/Contents/Developer/Platforms/MacOSX.platform/Developer/SDKs/MacOSX10.11.sdk/System/Library/Frameworks/] ==> [/Applications/Xcode.app/Contents/Developer/Platforms/MacOSX.platform/Developer/SDKs/MacOSX10.11.sdk/System/Library/Frameworks]
  implicit libs: [/Applications/Xcode.app/Contents/Developer/Toolchains/XcodeDefault.xctoolchain/usr/lib/clang/7.3.0/lib/darwin/libclang_rt.osx.a]
  implicit dirs: [/Applications/Xcode.app/Contents/Developer/Platforms/MacOSX.platform/Developer/SDKs/MacOSX10.11.sdk/usr/lib]
  implicit fwks: [/Applications/Xcode.app/Contents/Developer/Platforms/MacOSX.platform/Developer/SDKs/MacOSX10.11.sdk/System/Library/Frameworks]




Detecting C [-std=c11] compiler features compiled with the following output:
Change Dir: /Users/zhoushiwei/caffe/buildios/CMakeFiles/CMakeTmp

Run Build Command:"/usr/bin/xcodebuild" "-project" "CMAKE_TRY_COMPILE.xcodeproj" "build" "-target" "cmTC_2c53b" "-configuration" "Debug"
2016-08-18 17:37:44.327 xcodebuild[19075:979468] [MT] PluginLoading: Required plug-in compatibility UUID ACA8656B-FEA8-4B6D-8E4A-93F4C95C362C for plug-in at path '~/Library/Application Support/Developer/Shared/Xcode/Plug-ins/XAlign.xcplugin' not present in DVTPlugInCompatibilityUUIDs
=== BUILD TARGET cmTC_2c53b OF PROJECT CMAKE_TRY_COMPILE WITH CONFIGURATION Debug ===

Check dependencies

Write auxiliary files
/bin/mkdir -p /Users/zhoushiwei/caffe/buildios/CMakeFiles/CMakeTmp/CMAKE_TRY_COMPILE.build/Debug/cmTC_2c53b.build/Objects-normal/x86_64
write-file /Users/zhoushiwei/caffe/buildios/CMakeFiles/CMakeTmp/CMAKE_TRY_COMPILE.build/Debug/cmTC_2c53b.build/Objects-normal/x86_64/cmTC_2c53b.LinkFileList

CompileC CMAKE_TRY_COMPILE.build/Debug/cmTC_2c53b.build/Objects-normal/x86_64/feature_tests.o /Users/zhoushiwei/caffe/buildios/CMakeFiles/feature_tests.c normal x86_64 c com.apple.compilers.llvm.clang.1_0.compiler
    cd /Users/zhoushiwei/caffe/buildios/CMakeFiles/CMakeTmp
    export LANG=en_US.US-ASCII
    /Applications/Xcode.app/Contents/Developer/Toolchains/XcodeDefault.xctoolchain/usr/bin/clang -x c -arch x86_64 -fmessage-length=0 -fdiagnostics-show-note-include-stack -fmacro-backtrace-limit=0 -Wno-trigraphs -fpascal-strings -O0 -Wno-missing-field-initializers -Wno-missing-prototypes -Wno-return-type -Wno-missing-braces -Wparentheses -Wswitch -Wno-unused-function -Wno-unused-label -Wno-unused-parameter -Wno-unused-variable -Wunused-value -Wno-empty-body -Wno-uninitialized -Wno-unknown-pragmas -Wno-shadow -Wno-four-char-constants -Wno-conversion -Wno-constant-conversion -Wno-int-conversion -Wno-bool-conversion -Wno-enum-conversion -Wno-shorten-64-to-32 -Wpointer-sign -Wno-newline-eof -DCMAKE_INTDIR=\"Debug\" -isysroot /Applications/Xcode.app/Contents/Developer/Platforms/MacOSX.platform/Developer/SDKs/MacOSX10.11.sdk -fasm-blocks -fstrict-aliasing -Wdeprecated-declarations -mmacosx-version-min=10.11 -g -Wno-sign-conversion -I/Users/zhoushiwei/caffe/buildios/CMakeFiles/CMakeTmp/Debug/include -I/Users/zhoushiwei/caffe/buildios/CMakeFiles/CMakeTmp/CMAKE_TRY_COMPILE.build/Debug/cmTC_2c53b.build/DerivedSources/x86_64 -I/Users/zhoushiwei/caffe/buildios/CMakeFiles/CMakeTmp/CMAKE_TRY_COMPILE.build/Debug/cmTC_2c53b.build/DerivedSources -Wmost -Wno-four-char-constants -Wno-unknown-pragmas -F/Users/zhoushiwei/caffe/buildios/CMakeFiles/CMakeTmp/Debug -std=c11 -MMD -MT dependencies -MF /Users/zhoushiwei/caffe/buildios/CMakeFiles/CMakeTmp/CMAKE_TRY_COMPILE.build/Debug/cmTC_2c53b.build/Objects-normal/x86_64/feature_tests.d --serialize-diagnostics /Users/zhoushiwei/caffe/buildios/CMakeFiles/CMakeTmp/CMAKE_TRY_COMPILE.build/Debug/cmTC_2c53b.build/Objects-normal/x86_64/feature_tests.dia -c /Users/zhoushiwei/caffe/buildios/CMakeFiles/feature_tests.c -o /Users/zhoushiwei/caffe/buildios/CMakeFiles/CMakeTmp/CMAKE_TRY_COMPILE.build/Debug/cmTC_2c53b.build/Objects-normal/x86_64/feature_tests.o

Ld Debug/cmTC_2c53b normal x86_64
    cd /Users/zhoushiwei/caffe/buildios/CMakeFiles/CMakeTmp
    export MACOSX_DEPLOYMENT_TARGET=10.11
    /Applications/Xcode.app/Contents/Developer/Toolchains/XcodeDefault.xctoolchain/usr/bin/clang -arch x86_64 -isysroot /Applications/Xcode.app/Contents/Developer/Platforms/MacOSX.platform/Developer/SDKs/MacOSX10.11.sdk -L/Users/zhoushiwei/caffe/buildios/CMakeFiles/CMakeTmp/Debug -F/Users/zhoushiwei/caffe/buildios/CMakeFiles/CMakeTmp/Debug -filelist /Users/zhoushiwei/caffe/buildios/CMakeFiles/CMakeTmp/CMAKE_TRY_COMPILE.build/Debug/cmTC_2c53b.build/Objects-normal/x86_64/cmTC_2c53b.LinkFileList -mmacosx-version-min=10.11 -Xlinker -no_deduplicate -Wl,-search_paths_first -Wl,-headerpad_max_install_names -Xlinker -dependency_info -Xlinker /Users/zhoushiwei/caffe/buildios/CMakeFiles/CMakeTmp/CMAKE_TRY_COMPILE.build/Debug/cmTC_2c53b.build/Objects-normal/x86_64/cmTC_2c53b_dependency_info.dat -o /Users/zhoushiwei/caffe/buildios/CMakeFiles/CMakeTmp/Debug/cmTC_2c53b

** BUILD SUCCEEDED **



    Feature record: C_FEATURE:1c_function_prototypes
    Feature record: C_FEATURE:1c_restrict
    Feature record: C_FEATURE:1c_static_assert
    Feature record: C_FEATURE:1c_variadic_macros


Detecting C [-std=c99] compiler features compiled with the following output:
Change Dir: /Users/zhoushiwei/caffe/buildios/CMakeFiles/CMakeTmp

Run Build Command:"/usr/bin/xcodebuild" "-project" "CMAKE_TRY_COMPILE.xcodeproj" "build" "-target" "cmTC_46aa9" "-configuration" "Debug"
2016-08-18 17:37:45.051 xcodebuild[19091:979528] [MT] PluginLoading: Required plug-in compatibility UUID ACA8656B-FEA8-4B6D-8E4A-93F4C95C362C for plug-in at path '~/Library/Application Support/Developer/Shared/Xcode/Plug-ins/XAlign.xcplugin' not present in DVTPlugInCompatibilityUUIDs
=== BUILD TARGET cmTC_46aa9 OF PROJECT CMAKE_TRY_COMPILE WITH CONFIGURATION Debug ===

Check dependencies

Write auxiliary files
/bin/mkdir -p /Users/zhoushiwei/caffe/buildios/CMakeFiles/CMakeTmp/CMAKE_TRY_COMPILE.build/Debug/cmTC_46aa9.build/Objects-normal/x86_64
write-file /Users/zhoushiwei/caffe/buildios/CMakeFiles/CMakeTmp/CMAKE_TRY_COMPILE.build/Debug/cmTC_46aa9.build/Objects-normal/x86_64/cmTC_46aa9.LinkFileList

CompileC CMAKE_TRY_COMPILE.build/Debug/cmTC_46aa9.build/Objects-normal/x86_64/feature_tests.o /Users/zhoushiwei/caffe/buildios/CMakeFiles/feature_tests.c normal x86_64 c com.apple.compilers.llvm.clang.1_0.compiler
    cd /Users/zhoushiwei/caffe/buildios/CMakeFiles/CMakeTmp
    export LANG=en_US.US-ASCII
    /Applications/Xcode.app/Contents/Developer/Toolchains/XcodeDefault.xctoolchain/usr/bin/clang -x c -arch x86_64 -fmessage-length=0 -fdiagnostics-show-note-include-stack -fmacro-backtrace-limit=0 -Wno-trigraphs -fpascal-strings -O0 -Wno-missing-field-initializers -Wno-missing-prototypes -Wno-return-type -Wno-missing-braces -Wparentheses -Wswitch -Wno-unused-function -Wno-unused-label -Wno-unused-parameter -Wno-unused-variable -Wunused-value -Wno-empty-body -Wno-uninitialized -Wno-unknown-pragmas -Wno-shadow -Wno-four-char-constants -Wno-conversion -Wno-constant-conversion -Wno-int-conversion -Wno-bool-conversion -Wno-enum-conversion -Wno-shorten-64-to-32 -Wpointer-sign -Wno-newline-eof -DCMAKE_INTDIR=\"Debug\" -isysroot /Applications/Xcode.app/Contents/Developer/Platforms/MacOSX.platform/Developer/SDKs/MacOSX10.11.sdk -fasm-blocks -fstrict-aliasing -Wdeprecated-declarations -mmacosx-version-min=10.11 -g -Wno-sign-conversion -I/Users/zhoushiwei/caffe/buildios/CMakeFiles/CMakeTmp/Debug/include -I/Users/zhoushiwei/caffe/buildios/CMakeFiles/CMakeTmp/CMAKE_TRY_COMPILE.build/Debug/cmTC_46aa9.build/DerivedSources/x86_64 -I/Users/zhoushiwei/caffe/buildios/CMakeFiles/CMakeTmp/CMAKE_TRY_COMPILE.build/Debug/cmTC_46aa9.build/DerivedSources -Wmost -Wno-four-char-constants -Wno-unknown-pragmas -F/Users/zhoushiwei/caffe/buildios/CMakeFiles/CMakeTmp/Debug -std=c99 -MMD -MT dependencies -MF /Users/zhoushiwei/caffe/buildios/CMakeFiles/CMakeTmp/CMAKE_TRY_COMPILE.build/Debug/cmTC_46aa9.build/Objects-normal/x86_64/feature_tests.d --serialize-diagnostics /Users/zhoushiwei/caffe/buildios/CMakeFiles/CMakeTmp/CMAKE_TRY_COMPILE.build/Debug/cmTC_46aa9.build/Objects-normal/x86_64/feature_tests.dia -c /Users/zhoushiwei/caffe/buildios/CMakeFiles/feature_tests.c -o /Users/zhoushiwei/caffe/buildios/CMakeFiles/CMakeTmp/CMAKE_TRY_COMPILE.build/Debug/cmTC_46aa9.build/Objects-normal/x86_64/feature_tests.o

Ld Debug/cmTC_46aa9 normal x86_64
    cd /Users/zhoushiwei/caffe/buildios/CMakeFiles/CMakeTmp
    export MACOSX_DEPLOYMENT_TARGET=10.11
    /Applications/Xcode.app/Contents/Developer/Toolchains/XcodeDefault.xctoolchain/usr/bin/clang -arch x86_64 -isysroot /Applications/Xcode.app/Contents/Developer/Platforms/MacOSX.platform/Developer/SDKs/MacOSX10.11.sdk -L/Users/zhoushiwei/caffe/buildios/CMakeFiles/CMakeTmp/Debug -F/Users/zhoushiwei/caffe/buildios/CMakeFiles/CMakeTmp/Debug -filelist /Users/zhoushiwei/caffe/buildios/CMakeFiles/CMakeTmp/CMAKE_TRY_COMPILE.build/Debug/cmTC_46aa9.build/Objects-normal/x86_64/cmTC_46aa9.LinkFileList -mmacosx-version-min=10.11 -Xlinker -no_deduplicate -Wl,-search_paths_first -Wl,-headerpad_max_install_names -Xlinker -dependency_info -Xlinker /Users/zhoushiwei/caffe/buildios/CMakeFiles/CMakeTmp/CMAKE_TRY_COMPILE.build/Debug/cmTC_46aa9.build/Objects-normal/x86_64/cmTC_46aa9_dependency_info.dat -o /Users/zhoushiwei/caffe/buildios/CMakeFiles/CMakeTmp/Debug/cmTC_46aa9

** BUILD SUCCEEDED **



    Feature record: C_FEATURE:1c_function_prototypes
    Feature record: C_FEATURE:1c_restrict
    Feature record: C_FEATURE:0c_static_assert
    Feature record: C_FEATURE:1c_variadic_macros


Detecting C [-std=c90] compiler features compiled with the following output:
Change Dir: /Users/zhoushiwei/caffe/buildios/CMakeFiles/CMakeTmp

Run Build Command:"/usr/bin/xcodebuild" "-project" "CMAKE_TRY_COMPILE.xcodeproj" "build" "-target" "cmTC_40883" "-configuration" "Debug"
2016-08-18 17:37:45.704 xcodebuild[19107:979585] [MT] PluginLoading: Required plug-in compatibility UUID ACA8656B-FEA8-4B6D-8E4A-93F4C95C362C for plug-in at path '~/Library/Application Support/Developer/Shared/Xcode/Plug-ins/XAlign.xcplugin' not present in DVTPlugInCompatibilityUUIDs
=== BUILD TARGET cmTC_40883 OF PROJECT CMAKE_TRY_COMPILE WITH CONFIGURATION Debug ===

Check dependencies

Write auxiliary files
/bin/mkdir -p /Users/zhoushiwei/caffe/buildios/CMakeFiles/CMakeTmp/CMAKE_TRY_COMPILE.build/Debug/cmTC_40883.build/Objects-normal/x86_64
write-file /Users/zhoushiwei/caffe/buildios/CMakeFiles/CMakeTmp/CMAKE_TRY_COMPILE.build/Debug/cmTC_40883.build/Objects-normal/x86_64/cmTC_40883.LinkFileList

CompileC CMAKE_TRY_COMPILE.build/Debug/cmTC_40883.build/Objects-normal/x86_64/feature_tests.o /Users/zhoushiwei/caffe/buildios/CMakeFiles/feature_tests.c normal x86_64 c com.apple.compilers.llvm.clang.1_0.compiler
    cd /Users/zhoushiwei/caffe/buildios/CMakeFiles/CMakeTmp
    export LANG=en_US.US-ASCII
    /Applications/Xcode.app/Contents/Developer/Toolchains/XcodeDefault.xctoolchain/usr/bin/clang -x c -arch x86_64 -fmessage-length=0 -fdiagnostics-show-note-include-stack -fmacro-backtrace-limit=0 -Wno-trigraphs -fpascal-strings -O0 -Wno-missing-field-initializers -Wno-missing-prototypes -Wno-return-type -Wno-missing-braces -Wparentheses -Wswitch -Wno-unused-function -Wno-unused-label -Wno-unused-parameter -Wno-unused-variable -Wunused-value -Wno-empty-body -Wno-uninitialized -Wno-unknown-pragmas -Wno-shadow -Wno-four-char-constants -Wno-conversion -Wno-constant-conversion -Wno-int-conversion -Wno-bool-conversion -Wno-enum-conversion -Wno-shorten-64-to-32 -Wpointer-sign -Wno-newline-eof -DCMAKE_INTDIR=\"Debug\" -isysroot /Applications/Xcode.app/Contents/Developer/Platforms/MacOSX.platform/Developer/SDKs/MacOSX10.11.sdk -fasm-blocks -fstrict-aliasing -Wdeprecated-declarations -mmacosx-version-min=10.11 -g -Wno-sign-conversion -I/Users/zhoushiwei/caffe/buildios/CMakeFiles/CMakeTmp/Debug/include -I/Users/zhoushiwei/caffe/buildios/CMakeFiles/CMakeTmp/CMAKE_TRY_COMPILE.build/Debug/cmTC_40883.build/DerivedSources/x86_64 -I/Users/zhoushiwei/caffe/buildios/CMakeFiles/CMakeTmp/CMAKE_TRY_COMPILE.build/Debug/cmTC_40883.build/DerivedSources -Wmost -Wno-four-char-constants -Wno-unknown-pragmas -F/Users/zhoushiwei/caffe/buildios/CMakeFiles/CMakeTmp/Debug -std=c90 -MMD -MT dependencies -MF /Users/zhoushiwei/caffe/buildios/CMakeFiles/CMakeTmp/CMAKE_TRY_COMPILE.build/Debug/cmTC_40883.build/Objects-normal/x86_64/feature_tests.d --serialize-diagnostics /Users/zhoushiwei/caffe/buildios/CMakeFiles/CMakeTmp/CMAKE_TRY_COMPILE.build/Debug/cmTC_40883.build/Objects-normal/x86_64/feature_tests.dia -c /Users/zhoushiwei/caffe/buildios/CMakeFiles/feature_tests.c -o /Users/zhoushiwei/caffe/buildios/CMakeFiles/CMakeTmp/CMAKE_TRY_COMPILE.build/Debug/cmTC_40883.build/Objects-normal/x86_64/feature_tests.o

Ld Debug/cmTC_40883 normal x86_64
    cd /Users/zhoushiwei/caffe/buildios/CMakeFiles/CMakeTmp
    export MACOSX_DEPLOYMENT_TARGET=10.11
    /Applications/Xcode.app/Contents/Developer/Toolchains/XcodeDefault.xctoolchain/usr/bin/clang -arch x86_64 -isysroot /Applications/Xcode.app/Contents/Developer/Platforms/MacOSX.platform/Developer/SDKs/MacOSX10.11.sdk -L/Users/zhoushiwei/caffe/buildios/CMakeFiles/CMakeTmp/Debug -F/Users/zhoushiwei/caffe/buildios/CMakeFiles/CMakeTmp/Debug -filelist /Users/zhoushiwei/caffe/buildios/CMakeFiles/CMakeTmp/CMAKE_TRY_COMPILE.build/Debug/cmTC_40883.build/Objects-normal/x86_64/cmTC_40883.LinkFileList -mmacosx-version-min=10.11 -Xlinker -no_deduplicate -Wl,-search_paths_first -Wl,-headerpad_max_install_names -Xlinker -dependency_info -Xlinker /Users/zhoushiwei/caffe/buildios/CMakeFiles/CMakeTmp/CMAKE_TRY_COMPILE.build/Debug/cmTC_40883.build/Objects-normal/x86_64/cmTC_40883_dependency_info.dat -o /Users/zhoushiwei/caffe/buildios/CMakeFiles/CMakeTmp/Debug/cmTC_40883

** BUILD SUCCEEDED **



    Feature record: C_FEATURE:1c_function_prototypes
    Feature record: C_FEATURE:0c_restrict
    Feature record: C_FEATURE:0c_static_assert
    Feature record: C_FEATURE:0c_variadic_macros
Determining if the CXX compiler works passed with the following output:
Change Dir: /Users/zhoushiwei/caffe/buildios/CMakeFiles/CMakeTmp

Run Build Command:"/usr/bin/xcodebuild" "-project" "CMAKE_TRY_COMPILE.xcodeproj" "build" "-target" "cmTC_918b0" "-configuration" "Debug"
2016-08-18 17:37:46.428 xcodebuild[19123:979645] [MT] PluginLoading: Required plug-in compatibility UUID ACA8656B-FEA8-4B6D-8E4A-93F4C95C362C for plug-in at path '~/Library/Application Support/Developer/Shared/Xcode/Plug-ins/XAlign.xcplugin' not present in DVTPlugInCompatibilityUUIDs
=== BUILD TARGET cmTC_918b0 OF PROJECT CMAKE_TRY_COMPILE WITH CONFIGURATION Debug ===

Check dependencies

Write auxiliary files
/bin/mkdir -p /Users/zhoushiwei/caffe/buildios/CMakeFiles/CMakeTmp/CMAKE_TRY_COMPILE.build/Debug/cmTC_918b0.build/Objects-normal/x86_64
write-file /Users/zhoushiwei/caffe/buildios/CMakeFiles/CMakeTmp/CMAKE_TRY_COMPILE.build/Debug/cmTC_918b0.build/Objects-normal/x86_64/cmTC_918b0.LinkFileList

CompileC CMAKE_TRY_COMPILE.build/Debug/cmTC_918b0.build/Objects-normal/x86_64/testCXXCompiler.o testCXXCompiler.cxx normal x86_64 c++ com.apple.compilers.llvm.clang.1_0.compiler
    cd /Users/zhoushiwei/caffe/buildios/CMakeFiles/CMakeTmp
    export LANG=en_US.US-ASCII
    /Applications/Xcode.app/Contents/Developer/Toolchains/XcodeDefault.xctoolchain/usr/bin/clang -x c++ -arch x86_64 -fmessage-length=0 -fdiagnostics-show-note-include-stack -fmacro-backtrace-limit=0 -Wno-trigraphs -fpascal-strings -O0 -Wno-missing-field-initializers -Wno-missing-prototypes -Wno-return-type -Wno-non-virtual-dtor -Wno-overloaded-virtual -Wno-exit-time-destructors -Wno-missing-braces -Wparentheses -Wswitch -Wno-unused-function -Wno-unused-label -Wno-unused-parameter -Wno-unused-variable -Wunused-value -Wno-empty-body -Wno-uninitialized -Wno-unknown-pragmas -Wno-shadow -Wno-four-char-constants -Wno-conversion -Wno-constant-conversion -Wno-int-conversion -Wno-bool-conversion -Wno-enum-conversion -Wno-shorten-64-to-32 -Wno-newline-eof -Wno-c++11-extensions -DCMAKE_INTDIR=\"Debug\" -isysroot /Applications/Xcode.app/Contents/Developer/Platforms/MacOSX.platform/Developer/SDKs/MacOSX10.11.sdk -fasm-blocks -fstrict-aliasing -Wdeprecated-declarations -Winvalid-offsetof -mmacosx-version-min=10.11 -g -Wno-sign-conversion -I/Users/zhoushiwei/caffe/buildios/CMakeFiles/CMakeTmp/Debug/include -I/Users/zhoushiwei/caffe/buildios/CMakeFiles/CMakeTmp/CMAKE_TRY_COMPILE.build/Debug/cmTC_918b0.build/DerivedSources/x86_64 -I/Users/zhoushiwei/caffe/buildios/CMakeFiles/CMakeTmp/CMAKE_TRY_COMPILE.build/Debug/cmTC_918b0.build/DerivedSources -Wmost -Wno-four-char-constants -Wno-unknown-pragmas -F/Users/zhoushiwei/caffe/buildios/CMakeFiles/CMakeTmp/Debug -MMD -MT dependencies -MF /Users/zhoushiwei/caffe/buildios/CMakeFiles/CMakeTmp/CMAKE_TRY_COMPILE.build/Debug/cmTC_918b0.build/Objects-normal/x86_64/testCXXCompiler.d --serialize-diagnostics /Users/zhoushiwei/caffe/buildios/CMakeFiles/CMakeTmp/CMAKE_TRY_COMPILE.build/Debug/cmTC_918b0.build/Objects-normal/x86_64/testCXXCompiler.dia -c /Users/zhoushiwei/caffe/buildios/CMakeFiles/CMakeTmp/testCXXCompiler.cxx -o /Users/zhoushiwei/caffe/buildios/CMakeFiles/CMakeTmp/CMAKE_TRY_COMPILE.build/Debug/cmTC_918b0.build/Objects-normal/x86_64/testCXXCompiler.o

Ld Debug/cmTC_918b0 normal x86_64
    cd /Users/zhoushiwei/caffe/buildios/CMakeFiles/CMakeTmp
    export MACOSX_DEPLOYMENT_TARGET=10.11
    /Applications/Xcode.app/Contents/Developer/Toolchains/XcodeDefault.xctoolchain/usr/bin/clang++ -arch x86_64 -isysroot /Applications/Xcode.app/Contents/Developer/Platforms/MacOSX.platform/Developer/SDKs/MacOSX10.11.sdk -L/Users/zhoushiwei/caffe/buildios/CMakeFiles/CMakeTmp/Debug -F/Users/zhoushiwei/caffe/buildios/CMakeFiles/CMakeTmp/Debug -filelist /Users/zhoushiwei/caffe/buildios/CMakeFiles/CMakeTmp/CMAKE_TRY_COMPILE.build/Debug/cmTC_918b0.build/Objects-normal/x86_64/cmTC_918b0.LinkFileList -mmacosx-version-min=10.11 -Xlinker -no_deduplicate -Wl,-search_paths_first -Wl,-headerpad_max_install_names -Xlinker -dependency_info -Xlinker /Users/zhoushiwei/caffe/buildios/CMakeFiles/CMakeTmp/CMAKE_TRY_COMPILE.build/Debug/cmTC_918b0.build/Objects-normal/x86_64/cmTC_918b0_dependency_info.dat -o /Users/zhoushiwei/caffe/buildios/CMakeFiles/CMakeTmp/Debug/cmTC_918b0

** BUILD SUCCEEDED **



Detecting CXX compiler ABI info compiled with the following output:
Change Dir: /Users/zhoushiwei/caffe/buildios/CMakeFiles/CMakeTmp

Run Build Command:"/usr/bin/xcodebuild" "-project" "CMAKE_TRY_COMPILE.xcodeproj" "build" "-target" "cmTC_b922c" "-configuration" "Debug"
2016-08-18 17:37:47.075 xcodebuild[19139:979702] [MT] PluginLoading: Required plug-in compatibility UUID ACA8656B-FEA8-4B6D-8E4A-93F4C95C362C for plug-in at path '~/Library/Application Support/Developer/Shared/Xcode/Plug-ins/XAlign.xcplugin' not present in DVTPlugInCompatibilityUUIDs
=== BUILD TARGET cmTC_b922c OF PROJECT CMAKE_TRY_COMPILE WITH CONFIGURATION Debug ===

Check dependencies

Write auxiliary files
/bin/mkdir -p /Users/zhoushiwei/caffe/buildios/CMakeFiles/CMakeTmp/CMAKE_TRY_COMPILE.build/Debug/cmTC_b922c.build/Objects-normal/x86_64
write-file /Users/zhoushiwei/caffe/buildios/CMakeFiles/CMakeTmp/CMAKE_TRY_COMPILE.build/Debug/cmTC_b922c.build/Objects-normal/x86_64/cmTC_b922c.LinkFileList

CompileC CMAKE_TRY_COMPILE.build/Debug/cmTC_b922c.build/Objects-normal/x86_64/CMakeCXXCompilerABI.o /Applications/CMake.app/Contents/share/cmake-3.6/Modules/CMakeCXXCompilerABI.cpp normal x86_64 c++ com.apple.compilers.llvm.clang.1_0.compiler
    cd /Users/zhoushiwei/caffe/buildios/CMakeFiles/CMakeTmp
    export LANG=en_US.US-ASCII
    /Applications/Xcode.app/Contents/Developer/Toolchains/XcodeDefault.xctoolchain/usr/bin/clang -x c++ -arch x86_64 -fmessage-length=0 -fdiagnostics-show-note-include-stack -fmacro-backtrace-limit=0 -Wno-trigraphs -fpascal-strings -O0 -Wno-missing-field-initializers -Wno-missing-prototypes -Wno-return-type -Wno-non-virtual-dtor -Wno-overloaded-virtual -Wno-exit-time-destructors -Wno-missing-braces -Wparentheses -Wswitch -Wno-unused-function -Wno-unused-label -Wno-unused-parameter -Wno-unused-variable -Wunused-value -Wno-empty-body -Wno-uninitialized -Wno-unknown-pragmas -Wno-shadow -Wno-four-char-constants -Wno-conversion -Wno-constant-conversion -Wno-int-conversion -Wno-bool-conversion -Wno-enum-conversion -Wno-shorten-64-to-32 -Wno-newline-eof -Wno-c++11-extensions -DCMAKE_INTDIR=\"Debug\" -isysroot /Applications/Xcode.app/Contents/Developer/Platforms/MacOSX.platform/Developer/SDKs/MacOSX10.11.sdk -fasm-blocks -fstrict-aliasing -Wdeprecated-declarations -Winvalid-offsetof -mmacosx-version-min=10.11 -g -Wno-sign-conversion -I/Users/zhoushiwei/caffe/buildios/CMakeFiles/CMakeTmp/Debug/include -I/Users/zhoushiwei/caffe/buildios/CMakeFiles/CMakeTmp/CMAKE_TRY_COMPILE.build/Debug/cmTC_b922c.build/DerivedSources/x86_64 -I/Users/zhoushiwei/caffe/buildios/CMakeFiles/CMakeTmp/CMAKE_TRY_COMPILE.build/Debug/cmTC_b922c.build/DerivedSources -Wmost -Wno-four-char-constants -Wno-unknown-pragmas -F/Users/zhoushiwei/caffe/buildios/CMakeFiles/CMakeTmp/Debug -MMD -MT dependencies -MF /Users/zhoushiwei/caffe/buildios/CMakeFiles/CMakeTmp/CMAKE_TRY_COMPILE.build/Debug/cmTC_b922c.build/Objects-normal/x86_64/CMakeCXXCompilerABI.d --serialize-diagnostics /Users/zhoushiwei/caffe/buildios/CMakeFiles/CMakeTmp/CMAKE_TRY_COMPILE.build/Debug/cmTC_b922c.build/Objects-normal/x86_64/CMakeCXXCompilerABI.dia -c /Applications/CMake.app/Contents/share/cmake-3.6/Modules/CMakeCXXCompilerABI.cpp -o /Users/zhoushiwei/caffe/buildios/CMakeFiles/CMakeTmp/CMAKE_TRY_COMPILE.build/Debug/cmTC_b922c.build/Objects-normal/x86_64/CMakeCXXCompilerABI.o

Ld Debug/cmTC_b922c normal x86_64
    cd /Users/zhoushiwei/caffe/buildios/CMakeFiles/CMakeTmp
    export MACOSX_DEPLOYMENT_TARGET=10.11
    /Applications/Xcode.app/Contents/Developer/Toolchains/XcodeDefault.xctoolchain/usr/bin/clang++ -arch x86_64 -isysroot /Applications/Xcode.app/Contents/Developer/Platforms/MacOSX.platform/Developer/SDKs/MacOSX10.11.sdk -L/Users/zhoushiwei/caffe/buildios/CMakeFiles/CMakeTmp/Debug -F/Users/zhoushiwei/caffe/buildios/CMakeFiles/CMakeTmp/Debug -filelist /Users/zhoushiwei/caffe/buildios/CMakeFiles/CMakeTmp/CMAKE_TRY_COMPILE.build/Debug/cmTC_b922c.build/Objects-normal/x86_64/cmTC_b922c.LinkFileList -mmacosx-version-min=10.11 -Xlinker -no_deduplicate -v -Wl,-v -Wl,-search_paths_first -Wl,-headerpad_max_install_names -Xlinker -dependency_info -Xlinker /Users/zhoushiwei/caffe/buildios/CMakeFiles/CMakeTmp/CMAKE_TRY_COMPILE.build/Debug/cmTC_b922c.build/Objects-normal/x86_64/cmTC_b922c_dependency_info.dat -o /Users/zhoushiwei/caffe/buildios/CMakeFiles/CMakeTmp/Debug/cmTC_b922c
Apple LLVM version 7.3.0 (clang-703.0.29)
Target: x86_64-apple-darwin15.6.0
Thread model: posix
InstalledDir: /Applications/Xcode.app/Contents/Developer/Toolchains/XcodeDefault.xctoolchain/usr/bin
 "/Applications/Xcode.app/Contents/Developer/Toolchains/XcodeDefault.xctoolchain/usr/bin/ld" -demangle -dynamic -arch x86_64 -macosx_version_min 10.11.0 -syslibroot /Applications/Xcode.app/Contents/Developer/Platforms/MacOSX.platform/Developer/SDKs/MacOSX10.11.sdk -o /Users/zhoushiwei/caffe/buildios/CMakeFiles/CMakeTmp/Debug/cmTC_b922c -L/Users/zhoushiwei/caffe/buildios/CMakeFiles/CMakeTmp/Debug -filelist /Users/zhoushiwei/caffe/buildios/CMakeFiles/CMakeTmp/CMAKE_TRY_COMPILE.build/Debug/cmTC_b922c.build/Objects-normal/x86_64/cmTC_b922c.LinkFileList -no_deduplicate -v -search_paths_first -headerpad_max_install_names -dependency_info /Users/zhoushiwei/caffe/buildios/CMakeFiles/CMakeTmp/CMAKE_TRY_COMPILE.build/Debug/cmTC_b922c.build/Objects-normal/x86_64/cmTC_b922c_dependency_info.dat -lc++ -lSystem /Applications/Xcode.app/Contents/Developer/Toolchains/XcodeDefault.xctoolchain/usr/bin/../lib/clang/7.3.0/lib/darwin/libclang_rt.osx.a -F/Users/zhoushiwei/caffe/buildios/CMakeFiles/CMakeTmp/Debug
@(#)PROGRAM:ld  PROJECT:ld64-264.3.101
configured to support archs: armv6 armv7 armv7s arm64 i386 x86_64 x86_64h armv6m armv7k armv7m armv7em (tvOS)
Library search paths:
	/Users/zhoushiwei/caffe/buildios/CMakeFiles/CMakeTmp/Debug
	/Applications/Xcode.app/Contents/Developer/Platforms/MacOSX.platform/Developer/SDKs/MacOSX10.11.sdk/usr/lib
Framework search paths:
	/Users/zhoushiwei/caffe/buildios/CMakeFiles/CMakeTmp/Debug
	/Applications/Xcode.app/Contents/Developer/Platforms/MacOSX.platform/Developer/SDKs/MacOSX10.11.sdk/System/Library/Frameworks/

** BUILD SUCCEEDED **



Parsed CXX implicit link information from above output:
  link line regex: [^( *|.*[/\])(ld|([^/\]+-)?ld|collect2)[^/\]*( |$)]
  ignore line: [Change Dir: /Users/zhoushiwei/caffe/buildios/CMakeFiles/CMakeTmp]
  ignore line: []
  ignore line: [Run Build Command:"/usr/bin/xcodebuild" "-project" "CMAKE_TRY_COMPILE.xcodeproj" "build" "-target" "cmTC_b922c" "-configuration" "Debug"]
  ignore line: [2016-08-18 17:37:47.075 xcodebuild[19139:979702] [MT] PluginLoading: Required plug-in compatibility UUID ACA8656B-FEA8-4B6D-8E4A-93F4C95C362C for plug-in at path '~/Library/Application Support/Developer/Shared/Xcode/Plug-ins/XAlign.xcplugin' not present in DVTPlugInCompatibilityUUIDs]
  ignore line: [=== BUILD TARGET cmTC_b922c OF PROJECT CMAKE_TRY_COMPILE WITH CONFIGURATION Debug ===]
  ignore line: []
  ignore line: [Check dependencies]
  ignore line: []
  ignore line: [Write auxiliary files]
  ignore line: [/bin/mkdir -p /Users/zhoushiwei/caffe/buildios/CMakeFiles/CMakeTmp/CMAKE_TRY_COMPILE.build/Debug/cmTC_b922c.build/Objects-normal/x86_64]
  ignore line: [write-file /Users/zhoushiwei/caffe/buildios/CMakeFiles/CMakeTmp/CMAKE_TRY_COMPILE.build/Debug/cmTC_b922c.build/Objects-normal/x86_64/cmTC_b922c.LinkFileList]
  ignore line: []
  ignore line: [CompileC CMAKE_TRY_COMPILE.build/Debug/cmTC_b922c.build/Objects-normal/x86_64/CMakeCXXCompilerABI.o /Applications/CMake.app/Contents/share/cmake-3.6/Modules/CMakeCXXCompilerABI.cpp normal x86_64 c++ com.apple.compilers.llvm.clang.1_0.compiler]
  ignore line: [    cd /Users/zhoushiwei/caffe/buildios/CMakeFiles/CMakeTmp]
  ignore line: [    export LANG=en_US.US-ASCII]
  ignore line: [    /Applications/Xcode.app/Contents/Developer/Toolchains/XcodeDefault.xctoolchain/usr/bin/clang -x c++ -arch x86_64 -fmessage-length=0 -fdiagnostics-show-note-include-stack -fmacro-backtrace-limit=0 -Wno-trigraphs -fpascal-strings -O0 -Wno-missing-field-initializers -Wno-missing-prototypes -Wno-return-type -Wno-non-virtual-dtor -Wno-overloaded-virtual -Wno-exit-time-destructors -Wno-missing-braces -Wparentheses -Wswitch -Wno-unused-function -Wno-unused-label -Wno-unused-parameter -Wno-unused-variable -Wunused-value -Wno-empty-body -Wno-uninitialized -Wno-unknown-pragmas -Wno-shadow -Wno-four-char-constants -Wno-conversion -Wno-constant-conversion -Wno-int-conversion -Wno-bool-conversion -Wno-enum-conversion -Wno-shorten-64-to-32 -Wno-newline-eof -Wno-c++11-extensions -DCMAKE_INTDIR=\"Debug\" -isysroot /Applications/Xcode.app/Contents/Developer/Platforms/MacOSX.platform/Developer/SDKs/MacOSX10.11.sdk -fasm-blocks -fstrict-aliasing -Wdeprecated-declarations -Winvalid-offsetof -mmacosx-version-min=10.11 -g -Wno-sign-conversion -I/Users/zhoushiwei/caffe/buildios/CMakeFiles/CMakeTmp/Debug/include -I/Users/zhoushiwei/caffe/buildios/CMakeFiles/CMakeTmp/CMAKE_TRY_COMPILE.build/Debug/cmTC_b922c.build/DerivedSources/x86_64 -I/Users/zhoushiwei/caffe/buildios/CMakeFiles/CMakeTmp/CMAKE_TRY_COMPILE.build/Debug/cmTC_b922c.build/DerivedSources -Wmost -Wno-four-char-constants -Wno-unknown-pragmas -F/Users/zhoushiwei/caffe/buildios/CMakeFiles/CMakeTmp/Debug -MMD -MT dependencies -MF /Users/zhoushiwei/caffe/buildios/CMakeFiles/CMakeTmp/CMAKE_TRY_COMPILE.build/Debug/cmTC_b922c.build/Objects-normal/x86_64/CMakeCXXCompilerABI.d --serialize-diagnostics /Users/zhoushiwei/caffe/buildios/CMakeFiles/CMakeTmp/CMAKE_TRY_COMPILE.build/Debug/cmTC_b922c.build/Objects-normal/x86_64/CMakeCXXCompilerABI.dia -c /Applications/CMake.app/Contents/share/cmake-3.6/Modules/CMakeCXXCompilerABI.cpp -o /Users/zhoushiwei/caffe/buildios/CMakeFiles/CMakeTmp/CMAKE_TRY_COMPILE.build/Debug/cmTC_b922c.build/Objects-normal/x86_64/CMakeCXXCompilerABI.o]
  ignore line: []
  ignore line: [Ld Debug/cmTC_b922c normal x86_64]
  ignore line: [    cd /Users/zhoushiwei/caffe/buildios/CMakeFiles/CMakeTmp]
  ignore line: [    export MACOSX_DEPLOYMENT_TARGET=10.11]
  ignore line: [    /Applications/Xcode.app/Contents/Developer/Toolchains/XcodeDefault.xctoolchain/usr/bin/clang++ -arch x86_64 -isysroot /Applications/Xcode.app/Contents/Developer/Platforms/MacOSX.platform/Developer/SDKs/MacOSX10.11.sdk -L/Users/zhoushiwei/caffe/buildios/CMakeFiles/CMakeTmp/Debug -F/Users/zhoushiwei/caffe/buildios/CMakeFiles/CMakeTmp/Debug -filelist /Users/zhoushiwei/caffe/buildios/CMakeFiles/CMakeTmp/CMAKE_TRY_COMPILE.build/Debug/cmTC_b922c.build/Objects-normal/x86_64/cmTC_b922c.LinkFileList -mmacosx-version-min=10.11 -Xlinker -no_deduplicate -v -Wl,-v -Wl,-search_paths_first -Wl,-headerpad_max_install_names -Xlinker -dependency_info -Xlinker /Users/zhoushiwei/caffe/buildios/CMakeFiles/CMakeTmp/CMAKE_TRY_COMPILE.build/Debug/cmTC_b922c.build/Objects-normal/x86_64/cmTC_b922c_dependency_info.dat -o /Users/zhoushiwei/caffe/buildios/CMakeFiles/CMakeTmp/Debug/cmTC_b922c]
  ignore line: [Apple LLVM version 7.3.0 (clang-703.0.29)]
  ignore line: [Target: x86_64-apple-darwin15.6.0]
  ignore line: [Thread model: posix]
  ignore line: [InstalledDir: /Applications/Xcode.app/Contents/Developer/Toolchains/XcodeDefault.xctoolchain/usr/bin]
  reduced line: [ "/Applications/Xcode.app/Contents/Developer/Toolchains/XcodeDefault.xctoolchain/usr/bin/ld" -demangle -dynamic -arch x86_64 -macosx_version_min 10.11.0 -syslibroot /Applications/Xcode.app/Contents/Developer/Platforms/MacOSX.platform/Developer/SDKs/MacOSX10.11.sdk -o /Users/zhoushiwei/caffe/buildios/CMakeFiles/CMakeTmp/Debug/cmTC_b922c -L/Users/zhoushiwei/caffe/buildios/CMakeFiles/CMakeTmp/Debug -filelist /Users/zhoushiwei/caffe/buildios/CMakeFiles/CMakeTmp/CMAKE_TRY_COMPILE.build/Debug/cmTC_b922c.build/Objects-normal/x86_64/cmTC_b922c.LinkFileList -no_deduplicate -v -search_paths_first -headerpad_max_install_names -dependency_info /Users/zhoushiwei/caffe/buildios/CMakeFiles/CMakeTmp/CMAKE_TRY_COMPILE.build/Debug/cmTC_b922c.build/Objects-normal/x86_64/cmTC_b922c_dependency_info.dat -lc++ -lSystem /Applications/Xcode.app/Contents/Developer/Toolchains/XcodeDefault.xctoolchain/usr/bin/../lib/clang/7.3.0/lib/darwin/libclang_rt.osx.a -F/Users/zhoushiwei/caffe/buildios/CMakeFiles/CMakeTmp/Debug]
            to: [ "/Applications/Xcode.app/Contents/Developer/Toolchains/XcodeDefault.xctoolchain/usr/bin/ld" -demangle -dynamic -arch x86_64 -macosx_version_min 10.11.0 -syslibroot /Applications/Xcode.app/Contents/Developer/Platforms/MacOSX.platform/Developer/SDKs/MacOSX10.11.sdk -o /Users/zhoushiwei/caffe/buildios/CMakeFiles/CMakeTmp/Debug/cmTC_b922c -filelist /Users/zhoushiwei/caffe/buildios/CMakeFiles/CMakeTmp/CMAKE_TRY_COMPILE.build/Debug/cmTC_b922c.build/Objects-normal/x86_64/cmTC_b922c.LinkFileList -no_deduplicate -v -search_paths_first -headerpad_max_install_names -dependency_info /Users/zhoushiwei/caffe/buildios/CMakeFiles/CMakeTmp/CMAKE_TRY_COMPILE.build/Debug/cmTC_b922c.build/Objects-normal/x86_64/cmTC_b922c_dependency_info.dat -lc++ -lSystem /Applications/Xcode.app/Contents/Developer/Toolchains/XcodeDefault.xctoolchain/usr/bin/../lib/clang/7.3.0/lib/darwin/libclang_rt.osx.a ]
  link line: [ "/Applications/Xcode.app/Contents/Developer/Toolchains/XcodeDefault.xctoolchain/usr/bin/ld" -demangle -dynamic -arch x86_64 -macosx_version_min 10.11.0 -syslibroot /Applications/Xcode.app/Contents/Developer/Platforms/MacOSX.platform/Developer/SDKs/MacOSX10.11.sdk -o /Users/zhoushiwei/caffe/buildios/CMakeFiles/CMakeTmp/Debug/cmTC_b922c -filelist /Users/zhoushiwei/caffe/buildios/CMakeFiles/CMakeTmp/CMAKE_TRY_COMPILE.build/Debug/cmTC_b922c.build/Objects-normal/x86_64/cmTC_b922c.LinkFileList -no_deduplicate -v -search_paths_first -headerpad_max_install_names -dependency_info /Users/zhoushiwei/caffe/buildios/CMakeFiles/CMakeTmp/CMAKE_TRY_COMPILE.build/Debug/cmTC_b922c.build/Objects-normal/x86_64/cmTC_b922c_dependency_info.dat -lc++ -lSystem /Applications/Xcode.app/Contents/Developer/Toolchains/XcodeDefault.xctoolchain/usr/bin/../lib/clang/7.3.0/lib/darwin/libclang_rt.osx.a ]
    arg [/Applications/Xcode.app/Contents/Developer/Toolchains/XcodeDefault.xctoolchain/usr/bin/ld] ==> ignore
    arg [-demangle] ==> ignore
    arg [-dynamic] ==> ignore
    arg [-arch] ==> ignore
    arg [x86_64] ==> ignore
    arg [-macosx_version_min] ==> ignore
    arg [10.11.0] ==> ignore
    arg [-syslibroot] ==> ignore
    arg [/Applications/Xcode.app/Contents/Developer/Platforms/MacOSX.platform/Developer/SDKs/MacOSX10.11.sdk] ==> ignore
    arg [-o] ==> ignore
    arg [/Users/zhoushiwei/caffe/buildios/CMakeFiles/CMakeTmp/Debug/cmTC_b922c] ==> ignore
    arg [-filelist] ==> ignore
    arg [/Users/zhoushiwei/caffe/buildios/CMakeFiles/CMakeTmp/CMAKE_TRY_COMPILE.build/Debug/cmTC_b922c.build/Objects-normal/x86_64/cmTC_b922c.LinkFileList] ==> ignore
    arg [-no_deduplicate] ==> ignore
    arg [-v] ==> ignore
    arg [-search_paths_first] ==> ignore
    arg [-headerpad_max_install_names] ==> ignore
    arg [-dependency_info] ==> ignore
    arg [/Users/zhoushiwei/caffe/buildios/CMakeFiles/CMakeTmp/CMAKE_TRY_COMPILE.build/Debug/cmTC_b922c.build/Objects-normal/x86_64/cmTC_b922c_dependency_info.dat] ==> ignore
    arg [-lc++] ==> lib [c++]
    arg [-lSystem] ==> lib [System]
    arg [/Applications/Xcode.app/Contents/Developer/Toolchains/XcodeDefault.xctoolchain/usr/bin/../lib/clang/7.3.0/lib/darwin/libclang_rt.osx.a] ==> lib [/Applications/Xcode.app/Contents/Developer/Toolchains/XcodeDefault.xctoolchain/usr/bin/../lib/clang/7.3.0/lib/darwin/libclang_rt.osx.a]
  Library search paths: [;/Users/zhoushiwei/caffe/buildios/CMakeFiles/CMakeTmp/Debug;/Applications/Xcode.app/Contents/Developer/Platforms/MacOSX.platform/Developer/SDKs/MacOSX10.11.sdk/usr/lib]
  Framework search paths: [;/Users/zhoushiwei/caffe/buildios/CMakeFiles/CMakeTmp/Debug;/Applications/Xcode.app/Contents/Developer/Platforms/MacOSX.platform/Developer/SDKs/MacOSX10.11.sdk/System/Library/Frameworks/]
  remove lib [System]
  collapse lib [/Applications/Xcode.app/Contents/Developer/Toolchains/XcodeDefault.xctoolchain/usr/bin/../lib/clang/7.3.0/lib/darwin/libclang_rt.osx.a] ==> [/Applications/Xcode.app/Contents/Developer/Toolchains/XcodeDefault.xctoolchain/usr/lib/clang/7.3.0/lib/darwin/libclang_rt.osx.a]
  collapse library dir [/Users/zhoushiwei/caffe/buildios/CMakeFiles/CMakeTmp/Debug] ==> [/Users/zhoushiwei/caffe/buildios/CMakeFiles/CMakeTmp/Debug], skipping non-system directory
  collapse library dir [/Applications/Xcode.app/Contents/Developer/Platforms/MacOSX.platform/Developer/SDKs/MacOSX10.11.sdk/usr/lib] ==> [/Applications/Xcode.app/Contents/Developer/Platforms/MacOSX.platform/Developer/SDKs/MacOSX10.11.sdk/usr/lib]
  collapse framework dir [/Users/zhoushiwei/caffe/buildios/CMakeFiles/CMakeTmp/Debug] ==> [/Users/zhoushiwei/caffe/buildios/CMakeFiles/CMakeTmp/Debug], skipping non-system directory
  collapse framework dir [/Applications/Xcode.app/Contents/Developer/Platforms/MacOSX.platform/Developer/SDKs/MacOSX10.11.sdk/System/Library/Frameworks/] ==> [/Applications/Xcode.app/Contents/Developer/Platforms/MacOSX.platform/Developer/SDKs/MacOSX10.11.sdk/System/Library/Frameworks]
  implicit libs: [c++;/Applications/Xcode.app/Contents/Developer/Toolchains/XcodeDefault.xctoolchain/usr/lib/clang/7.3.0/lib/darwin/libclang_rt.osx.a]
  implicit dirs: [/Applications/Xcode.app/Contents/Developer/Platforms/MacOSX.platform/Developer/SDKs/MacOSX10.11.sdk/usr/lib]
  implicit fwks: [/Applications/Xcode.app/Contents/Developer/Platforms/MacOSX.platform/Developer/SDKs/MacOSX10.11.sdk/System/Library/Frameworks]




Detecting CXX [-std=c++14] compiler features compiled with the following output:
Change Dir: /Users/zhoushiwei/caffe/buildios/CMakeFiles/CMakeTmp

Run Build Command:"/usr/bin/xcodebuild" "-project" "CMAKE_TRY_COMPILE.xcodeproj" "build" "-target" "cmTC_e3746" "-configuration" "Debug"
2016-08-18 17:37:47.736 xcodebuild[19155:979764] [MT] PluginLoading: Required plug-in compatibility UUID ACA8656B-FEA8-4B6D-8E4A-93F4C95C362C for plug-in at path '~/Library/Application Support/Developer/Shared/Xcode/Plug-ins/XAlign.xcplugin' not present in DVTPlugInCompatibilityUUIDs
=== BUILD TARGET cmTC_e3746 OF PROJECT CMAKE_TRY_COMPILE WITH CONFIGURATION Debug ===

Check dependencies

Write auxiliary files
/bin/mkdir -p /Users/zhoushiwei/caffe/buildios/CMakeFiles/CMakeTmp/CMAKE_TRY_COMPILE.build/Debug/cmTC_e3746.build/Objects-normal/x86_64
write-file /Users/zhoushiwei/caffe/buildios/CMakeFiles/CMakeTmp/CMAKE_TRY_COMPILE.build/Debug/cmTC_e3746.build/Objects-normal/x86_64/cmTC_e3746.LinkFileList

CompileC CMAKE_TRY_COMPILE.build/Debug/cmTC_e3746.build/Objects-normal/x86_64/feature_tests.o /Users/zhoushiwei/caffe/buildios/CMakeFiles/feature_tests.cxx normal x86_64 c++ com.apple.compilers.llvm.clang.1_0.compiler
    cd /Users/zhoushiwei/caffe/buildios/CMakeFiles/CMakeTmp
    export LANG=en_US.US-ASCII
    /Applications/Xcode.app/Contents/Developer/Toolchains/XcodeDefault.xctoolchain/usr/bin/clang -x c++ -arch x86_64 -fmessage-length=0 -fdiagnostics-show-note-include-stack -fmacro-backtrace-limit=0 -Wno-trigraphs -fpascal-strings -O0 -Wno-missing-field-initializers -Wno-missing-prototypes -Wno-return-type -Wno-non-virtual-dtor -Wno-overloaded-virtual -Wno-exit-time-destructors -Wno-missing-braces -Wparentheses -Wswitch -Wno-unused-function -Wno-unused-label -Wno-unused-parameter -Wno-unused-variable -Wunused-value -Wno-empty-body -Wno-uninitialized -Wno-unknown-pragmas -Wno-shadow -Wno-four-char-constants -Wno-conversion -Wno-constant-conversion -Wno-int-conversion -Wno-bool-conversion -Wno-enum-conversion -Wno-shorten-64-to-32 -Wno-newline-eof -Wno-c++11-extensions -DCMAKE_INTDIR=\"Debug\" -isysroot /Applications/Xcode.app/Contents/Developer/Platforms/MacOSX.platform/Developer/SDKs/MacOSX10.11.sdk -fasm-blocks -fstrict-aliasing -Wdeprecated-declarations -Winvalid-offsetof -mmacosx-version-min=10.11 -g -Wno-sign-conversion -I/Users/zhoushiwei/caffe/buildios/CMakeFiles/CMakeTmp/Debug/include -I/Users/zhoushiwei/caffe/buildios/CMakeFiles/CMakeTmp/CMAKE_TRY_COMPILE.build/Debug/cmTC_e3746.build/DerivedSources/x86_64 -I/Users/zhoushiwei/caffe/buildios/CMakeFiles/CMakeTmp/CMAKE_TRY_COMPILE.build/Debug/cmTC_e3746.build/DerivedSources -Wmost -Wno-four-char-constants -Wno-unknown-pragmas -F/Users/zhoushiwei/caffe/buildios/CMakeFiles/CMakeTmp/Debug -std=c++14 -MMD -MT dependencies -MF /Users/zhoushiwei/caffe/buildios/CMakeFiles/CMakeTmp/CMAKE_TRY_COMPILE.build/Debug/cmTC_e3746.build/Objects-normal/x86_64/feature_tests.d --serialize-diagnostics /Users/zhoushiwei/caffe/buildios/CMakeFiles/CMakeTmp/CMAKE_TRY_COMPILE.build/Debug/cmTC_e3746.build/Objects-normal/x86_64/feature_tests.dia -c /Users/zhoushiwei/caffe/buildios/CMakeFiles/feature_tests.cxx -o /Users/zhoushiwei/caffe/buildios/CMakeFiles/CMakeTmp/CMAKE_TRY_COMPILE.build/Debug/cmTC_e3746.build/Objects-normal/x86_64/feature_tests.o

Ld Debug/cmTC_e3746 normal x86_64
    cd /Users/zhoushiwei/caffe/buildios/CMakeFiles/CMakeTmp
    export MACOSX_DEPLOYMENT_TARGET=10.11
    /Applications/Xcode.app/Contents/Developer/Toolchains/XcodeDefault.xctoolchain/usr/bin/clang++ -arch x86_64 -isysroot /Applications/Xcode.app/Contents/Developer/Platforms/MacOSX.platform/Developer/SDKs/MacOSX10.11.sdk -L/Users/zhoushiwei/caffe/buildios/CMakeFiles/CMakeTmp/Debug -F/Users/zhoushiwei/caffe/buildios/CMakeFiles/CMakeTmp/Debug -filelist /Users/zhoushiwei/caffe/buildios/CMakeFiles/CMakeTmp/CMAKE_TRY_COMPILE.build/Debug/cmTC_e3746.build/Objects-normal/x86_64/cmTC_e3746.LinkFileList -mmacosx-version-min=10.11 -Xlinker -no_deduplicate -Wl,-search_paths_first -Wl,-headerpad_max_install_names -Xlinker -dependency_info -Xlinker /Users/zhoushiwei/caffe/buildios/CMakeFiles/CMakeTmp/CMAKE_TRY_COMPILE.build/Debug/cmTC_e3746.build/Objects-normal/x86_64/cmTC_e3746_dependency_info.dat -o /Users/zhoushiwei/caffe/buildios/CMakeFiles/CMakeTmp/Debug/cmTC_e3746

** BUILD SUCCEEDED **



    Feature record: CXX_FEATURE:1cxx_aggregate_default_initializers
    Feature record: CXX_FEATURE:1cxx_alias_templates
    Feature record: CXX_FEATURE:1cxx_alignas
    Feature record: CXX_FEATURE:1cxx_alignof
    Feature record: CXX_FEATURE:1cxx_attributes
    Feature record: CXX_FEATURE:1cxx_attribute_deprecated
    Feature record: CXX_FEATURE:1cxx_auto_type
    Feature record: CXX_FEATURE:1cxx_binary_literals
    Feature record: CXX_FEATURE:1cxx_constexpr
    Feature record: CXX_FEATURE:1cxx_contextual_conversions
    Feature record: CXX_FEATURE:1cxx_decltype
    Feature record: CXX_FEATURE:1cxx_decltype_auto
    Feature record: CXX_FEATURE:1cxx_decltype_incomplete_return_types
    Feature record: CXX_FEATURE:1cxx_default_function_template_args
    Feature record: CXX_FEATURE:1cxx_defaulted_functions
    Feature record: CXX_FEATURE:1cxx_defaulted_move_initializers
    Feature record: CXX_FEATURE:1cxx_delegating_constructors
    Feature record: CXX_FEATURE:1cxx_deleted_functions
    Feature record: CXX_FEATURE:1cxx_digit_separators
    Feature record: CXX_FEATURE:1cxx_enum_forward_declarations
    Feature record: CXX_FEATURE:1cxx_explicit_conversions
    Feature record: CXX_FEATURE:1cxx_extended_friend_declarations
    Feature record: CXX_FEATURE:1cxx_extern_templates
    Feature record: CXX_FEATURE:1cxx_final
    Feature record: CXX_FEATURE:1cxx_func_identifier
    Feature record: CXX_FEATURE:1cxx_generalized_initializers
    Feature record: CXX_FEATURE:1cxx_generic_lambdas
    Feature record: CXX_FEATURE:1cxx_inheriting_constructors
    Feature record: CXX_FEATURE:1cxx_inline_namespaces
    Feature record: CXX_FEATURE:1cxx_lambdas
    Feature record: CXX_FEATURE:1cxx_lambda_init_captures
    Feature record: CXX_FEATURE:1cxx_local_type_template_args
    Feature record: CXX_FEATURE:1cxx_long_long_type
    Feature record: CXX_FEATURE:1cxx_noexcept
    Feature record: CXX_FEATURE:1cxx_nonstatic_member_init
    Feature record: CXX_FEATURE:1cxx_nullptr
    Feature record: CXX_FEATURE:1cxx_override
    Feature record: CXX_FEATURE:1cxx_range_for
    Feature record: CXX_FEATURE:1cxx_raw_string_literals
    Feature record: CXX_FEATURE:1cxx_reference_qualified_functions
    Feature record: CXX_FEATURE:1cxx_relaxed_constexpr
    Feature record: CXX_FEATURE:1cxx_return_type_deduction
    Feature record: CXX_FEATURE:1cxx_right_angle_brackets
    Feature record: CXX_FEATURE:1cxx_rvalue_references
    Feature record: CXX_FEATURE:1cxx_sizeof_member
    Feature record: CXX_FEATURE:1cxx_static_assert
    Feature record: CXX_FEATURE:1cxx_strong_enums
    Feature record: CXX_FEATURE:1cxx_template_template_parameters
    Feature record: CXX_FEATURE:0cxx_thread_local
    Feature record: CXX_FEATURE:1cxx_trailing_return_types
    Feature record: CXX_FEATURE:1cxx_unicode_literals
    Feature record: CXX_FEATURE:1cxx_uniform_initialization
    Feature record: CXX_FEATURE:1cxx_unrestricted_unions
    Feature record: CXX_FEATURE:1cxx_user_literals
    Feature record: CXX_FEATURE:1cxx_variable_templates
    Feature record: CXX_FEATURE:1cxx_variadic_macros
    Feature record: CXX_FEATURE:1cxx_variadic_templates


Detecting CXX [-std=c++11] compiler features compiled with the following output:
Change Dir: /Users/zhoushiwei/caffe/buildios/CMakeFiles/CMakeTmp

Run Build Command:"/usr/bin/xcodebuild" "-project" "CMAKE_TRY_COMPILE.xcodeproj" "build" "-target" "cmTC_b8064" "-configuration" "Debug"
2016-08-18 17:37:48.434 xcodebuild[19171:979816] [MT] PluginLoading: Required plug-in compatibility UUID ACA8656B-FEA8-4B6D-8E4A-93F4C95C362C for plug-in at path '~/Library/Application Support/Developer/Shared/Xcode/Plug-ins/XAlign.xcplugin' not present in DVTPlugInCompatibilityUUIDs
=== BUILD TARGET cmTC_b8064 OF PROJECT CMAKE_TRY_COMPILE WITH CONFIGURATION Debug ===

Check dependencies

Write auxiliary files
/bin/mkdir -p /Users/zhoushiwei/caffe/buildios/CMakeFiles/CMakeTmp/CMAKE_TRY_COMPILE.build/Debug/cmTC_b8064.build/Objects-normal/x86_64
write-file /Users/zhoushiwei/caffe/buildios/CMakeFiles/CMakeTmp/CMAKE_TRY_COMPILE.build/Debug/cmTC_b8064.build/Objects-normal/x86_64/cmTC_b8064.LinkFileList

CompileC CMAKE_TRY_COMPILE.build/Debug/cmTC_b8064.build/Objects-normal/x86_64/feature_tests.o /Users/zhoushiwei/caffe/buildios/CMakeFiles/feature_tests.cxx normal x86_64 c++ com.apple.compilers.llvm.clang.1_0.compiler
    cd /Users/zhoushiwei/caffe/buildios/CMakeFiles/CMakeTmp
    export LANG=en_US.US-ASCII
    /Applications/Xcode.app/Contents/Developer/Toolchains/XcodeDefault.xctoolchain/usr/bin/clang -x c++ -arch x86_64 -fmessage-length=0 -fdiagnostics-show-note-include-stack -fmacro-backtrace-limit=0 -Wno-trigraphs -fpascal-strings -O0 -Wno-missing-field-initializers -Wno-missing-prototypes -Wno-return-type -Wno-non-virtual-dtor -Wno-overloaded-virtual -Wno-exit-time-destructors -Wno-missing-braces -Wparentheses -Wswitch -Wno-unused-function -Wno-unused-label -Wno-unused-parameter -Wno-unused-variable -Wunused-value -Wno-empty-body -Wno-uninitialized -Wno-unknown-pragmas -Wno-shadow -Wno-four-char-constants -Wno-conversion -Wno-constant-conversion -Wno-int-conversion -Wno-bool-conversion -Wno-enum-conversion -Wno-shorten-64-to-32 -Wno-newline-eof -Wno-c++11-extensions -DCMAKE_INTDIR=\"Debug\" -isysroot /Applications/Xcode.app/Contents/Developer/Platforms/MacOSX.platform/Developer/SDKs/MacOSX10.11.sdk -fasm-blocks -fstrict-aliasing -Wdeprecated-declarations -Winvalid-offsetof -mmacosx-version-min=10.11 -g -Wno-sign-conversion -I/Users/zhoushiwei/caffe/buildios/CMakeFiles/CMakeTmp/Debug/include -I/Users/zhoushiwei/caffe/buildios/CMakeFiles/CMakeTmp/CMAKE_TRY_COMPILE.build/Debug/cmTC_b8064.build/DerivedSources/x86_64 -I/Users/zhoushiwei/caffe/buildios/CMakeFiles/CMakeTmp/CMAKE_TRY_COMPILE.build/Debug/cmTC_b8064.build/DerivedSources -Wmost -Wno-four-char-constants -Wno-unknown-pragmas -F/Users/zhoushiwei/caffe/buildios/CMakeFiles/CMakeTmp/Debug -std=c++11 -MMD -MT dependencies -MF /Users/zhoushiwei/caffe/buildios/CMakeFiles/CMakeTmp/CMAKE_TRY_COMPILE.build/Debug/cmTC_b8064.build/Objects-normal/x86_64/feature_tests.d --serialize-diagnostics /Users/zhoushiwei/caffe/buildios/CMakeFiles/CMakeTmp/CMAKE_TRY_COMPILE.build/Debug/cmTC_b8064.build/Objects-normal/x86_64/feature_tests.dia -c /Users/zhoushiwei/caffe/buildios/CMakeFiles/feature_tests.cxx -o /Users/zhoushiwei/caffe/buildios/CMakeFiles/CMakeTmp/CMAKE_TRY_COMPILE.build/Debug/cmTC_b8064.build/Objects-normal/x86_64/feature_tests.o

Ld Debug/cmTC_b8064 normal x86_64
    cd /Users/zhoushiwei/caffe/buildios/CMakeFiles/CMakeTmp
    export MACOSX_DEPLOYMENT_TARGET=10.11
    /Applications/Xcode.app/Contents/Developer/Toolchains/XcodeDefault.xctoolchain/usr/bin/clang++ -arch x86_64 -isysroot /Applications/Xcode.app/Contents/Developer/Platforms/MacOSX.platform/Developer/SDKs/MacOSX10.11.sdk -L/Users/zhoushiwei/caffe/buildios/CMakeFiles/CMakeTmp/Debug -F/Users/zhoushiwei/caffe/buildios/CMakeFiles/CMakeTmp/Debug -filelist /Users/zhoushiwei/caffe/buildios/CMakeFiles/CMakeTmp/CMAKE_TRY_COMPILE.build/Debug/cmTC_b8064.build/Objects-normal/x86_64/cmTC_b8064.LinkFileList -mmacosx-version-min=10.11 -Xlinker -no_deduplicate -Wl,-search_paths_first -Wl,-headerpad_max_install_names -Xlinker -dependency_info -Xlinker /Users/zhoushiwei/caffe/buildios/CMakeFiles/CMakeTmp/CMAKE_TRY_COMPILE.build/Debug/cmTC_b8064.build/Objects-normal/x86_64/cmTC_b8064_dependency_info.dat -o /Users/zhoushiwei/caffe/buildios/CMakeFiles/CMakeTmp/Debug/cmTC_b8064

** BUILD SUCCEEDED **



    Feature record: CXX_FEATURE:0cxx_aggregate_default_initializers
    Feature record: CXX_FEATURE:1cxx_alias_templates
    Feature record: CXX_FEATURE:1cxx_alignas
    Feature record: CXX_FEATURE:1cxx_alignof
    Feature record: CXX_FEATURE:1cxx_attributes
    Feature record: CXX_FEATURE:0cxx_attribute_deprecated
    Feature record: CXX_FEATURE:1cxx_auto_type
    Feature record: CXX_FEATURE:0cxx_binary_literals
    Feature record: CXX_FEATURE:1cxx_constexpr
    Feature record: CXX_FEATURE:0cxx_contextual_conversions
    Feature record: CXX_FEATURE:1cxx_decltype
    Feature record: CXX_FEATURE:0cxx_decltype_auto
    Feature record: CXX_FEATURE:1cxx_decltype_incomplete_return_types
    Feature record: CXX_FEATURE:1cxx_default_function_template_args
    Feature record: CXX_FEATURE:1cxx_defaulted_functions
    Feature record: CXX_FEATURE:1cxx_defaulted_move_initializers
    Feature record: CXX_FEATURE:1cxx_delegating_constructors
    Feature record: CXX_FEATURE:1cxx_deleted_functions
    Feature record: CXX_FEATURE:0cxx_digit_separators
    Feature record: CXX_FEATURE:1cxx_enum_forward_declarations
    Feature record: CXX_FEATURE:1cxx_explicit_conversions
    Feature record: CXX_FEATURE:1cxx_extended_friend_declarations
    Feature record: CXX_FEATURE:1cxx_extern_templates
    Feature record: CXX_FEATURE:1cxx_final
    Feature record: CXX_FEATURE:1cxx_func_identifier
    Feature record: CXX_FEATURE:1cxx_generalized_initializers
    Feature record: CXX_FEATURE:0cxx_generic_lambdas
    Feature record: CXX_FEATURE:1cxx_inheriting_constructors
    Feature record: CXX_FEATURE:1cxx_inline_namespaces
    Feature record: CXX_FEATURE:1cxx_lambdas
    Feature record: CXX_FEATURE:0cxx_lambda_init_captures
    Feature record: CXX_FEATURE:1cxx_local_type_template_args
    Feature record: CXX_FEATURE:1cxx_long_long_type
    Feature record: CXX_FEATURE:1cxx_noexcept
    Feature record: CXX_FEATURE:1cxx_nonstatic_member_init
    Feature record: CXX_FEATURE:1cxx_nullptr
    Feature record: CXX_FEATURE:1cxx_override
    Feature record: CXX_FEATURE:1cxx_range_for
    Feature record: CXX_FEATURE:1cxx_raw_string_literals
    Feature record: CXX_FEATURE:1cxx_reference_qualified_functions
    Feature record: CXX_FEATURE:0cxx_relaxed_constexpr
    Feature record: CXX_FEATURE:0cxx_return_type_deduction
    Feature record: CXX_FEATURE:1cxx_right_angle_brackets
    Feature record: CXX_FEATURE:1cxx_rvalue_references
    Feature record: CXX_FEATURE:1cxx_sizeof_member
    Feature record: CXX_FEATURE:1cxx_static_assert
    Feature record: CXX_FEATURE:1cxx_strong_enums
    Feature record: CXX_FEATURE:1cxx_template_template_parameters
    Feature record: CXX_FEATURE:0cxx_thread_local
    Feature record: CXX_FEATURE:1cxx_trailing_return_types
    Feature record: CXX_FEATURE:1cxx_unicode_literals
    Feature record: CXX_FEATURE:1cxx_uniform_initialization
    Feature record: CXX_FEATURE:1cxx_unrestricted_unions
    Feature record: CXX_FEATURE:1cxx_user_literals
    Feature record: CXX_FEATURE:0cxx_variable_templates
    Feature record: CXX_FEATURE:1cxx_variadic_macros
    Feature record: CXX_FEATURE:1cxx_variadic_templates


Detecting CXX [-std=c++98] compiler features compiled with the following output:
Change Dir: /Users/zhoushiwei/caffe/buildios/CMakeFiles/CMakeTmp

Run Build Command:"/usr/bin/xcodebuild" "-project" "CMAKE_TRY_COMPILE.xcodeproj" "build" "-target" "cmTC_af9d2" "-configuration" "Debug"
2016-08-18 17:37:49.156 xcodebuild[19187:979868] [MT] PluginLoading: Required plug-in compatibility UUID ACA8656B-FEA8-4B6D-8E4A-93F4C95C362C for plug-in at path '~/Library/Application Support/Developer/Shared/Xcode/Plug-ins/XAlign.xcplugin' not present in DVTPlugInCompatibilityUUIDs
=== BUILD TARGET cmTC_af9d2 OF PROJECT CMAKE_TRY_COMPILE WITH CONFIGURATION Debug ===

Check dependencies

Write auxiliary files
/bin/mkdir -p /Users/zhoushiwei/caffe/buildios/CMakeFiles/CMakeTmp/CMAKE_TRY_COMPILE.build/Debug/cmTC_af9d2.build/Objects-normal/x86_64
write-file /Users/zhoushiwei/caffe/buildios/CMakeFiles/CMakeTmp/CMAKE_TRY_COMPILE.build/Debug/cmTC_af9d2.build/Objects-normal/x86_64/cmTC_af9d2.LinkFileList

CompileC CMAKE_TRY_COMPILE.build/Debug/cmTC_af9d2.build/Objects-normal/x86_64/feature_tests.o /Users/zhoushiwei/caffe/buildios/CMakeFiles/feature_tests.cxx normal x86_64 c++ com.apple.compilers.llvm.clang.1_0.compiler
    cd /Users/zhoushiwei/caffe/buildios/CMakeFiles/CMakeTmp
    export LANG=en_US.US-ASCII
    /Applications/Xcode.app/Contents/Developer/Toolchains/XcodeDefault.xctoolchain/usr/bin/clang -x c++ -arch x86_64 -fmessage-length=0 -fdiagnostics-show-note-include-stack -fmacro-backtrace-limit=0 -Wno-trigraphs -fpascal-strings -O0 -Wno-missing-field-initializers -Wno-missing-prototypes -Wno-return-type -Wno-non-virtual-dtor -Wno-overloaded-virtual -Wno-exit-time-destructors -Wno-missing-braces -Wparentheses -Wswitch -Wno-unused-function -Wno-unused-label -Wno-unused-parameter -Wno-unused-variable -Wunused-value -Wno-empty-body -Wno-uninitialized -Wno-unknown-pragmas -Wno-shadow -Wno-four-char-constants -Wno-conversion -Wno-constant-conversion -Wno-int-conversion -Wno-bool-conversion -Wno-enum-conversion -Wno-shorten-64-to-32 -Wno-newline-eof -Wno-c++11-extensions -DCMAKE_INTDIR=\"Debug\" -isysroot /Applications/Xcode.app/Contents/Developer/Platforms/MacOSX.platform/Developer/SDKs/MacOSX10.11.sdk -fasm-blocks -fstrict-aliasing -Wdeprecated-declarations -Winvalid-offsetof -mmacosx-version-min=10.11 -g -Wno-sign-conversion -I/Users/zhoushiwei/caffe/buildios/CMakeFiles/CMakeTmp/Debug/include -I/Users/zhoushiwei/caffe/buildios/CMakeFiles/CMakeTmp/CMAKE_TRY_COMPILE.build/Debug/cmTC_af9d2.build/DerivedSources/x86_64 -I/Users/zhoushiwei/caffe/buildios/CMakeFiles/CMakeTmp/CMAKE_TRY_COMPILE.build/Debug/cmTC_af9d2.build/DerivedSources -Wmost -Wno-four-char-constants -Wno-unknown-pragmas -F/Users/zhoushiwei/caffe/buildios/CMakeFiles/CMakeTmp/Debug -std=c++98 -MMD -MT dependencies -MF /Users/zhoushiwei/caffe/buildios/CMakeFiles/CMakeTmp/CMAKE_TRY_COMPILE.build/Debug/cmTC_af9d2.build/Objects-normal/x86_64/feature_tests.d --serialize-diagnostics /Users/zhoushiwei/caffe/buildios/CMakeFiles/CMakeTmp/CMAKE_TRY_COMPILE.build/Debug/cmTC_af9d2.build/Objects-normal/x86_64/feature_tests.dia -c /Users/zhoushiwei/caffe/buildios/CMakeFiles/feature_tests.cxx -o /Users/zhoushiwei/caffe/buildios/CMakeFiles/CMakeTmp/CMAKE_TRY_COMPILE.build/Debug/cmTC_af9d2.build/Objects-normal/x86_64/feature_tests.o

Ld Debug/cmTC_af9d2 normal x86_64
    cd /Users/zhoushiwei/caffe/buildios/CMakeFiles/CMakeTmp
    export MACOSX_DEPLOYMENT_TARGET=10.11
    /Applications/Xcode.app/Contents/Developer/Toolchains/XcodeDefault.xctoolchain/usr/bin/clang++ -arch x86_64 -isysroot /Applications/Xcode.app/Contents/Developer/Platforms/MacOSX.platform/Developer/SDKs/MacOSX10.11.sdk -L/Users/zhoushiwei/caffe/buildios/CMakeFiles/CMakeTmp/Debug -F/Users/zhoushiwei/caffe/buildios/CMakeFiles/CMakeTmp/Debug -filelist /Users/zhoushiwei/caffe/buildios/CMakeFiles/CMakeTmp/CMAKE_TRY_COMPILE.build/Debug/cmTC_af9d2.build/Objects-normal/x86_64/cmTC_af9d2.LinkFileList -mmacosx-version-min=10.11 -Xlinker -no_deduplicate -Wl,-search_paths_first -Wl,-headerpad_max_install_names -Xlinker -dependency_info -Xlinker /Users/zhoushiwei/caffe/buildios/CMakeFiles/CMakeTmp/CMAKE_TRY_COMPILE.build/Debug/cmTC_af9d2.build/Objects-normal/x86_64/cmTC_af9d2_dependency_info.dat -o /Users/zhoushiwei/caffe/buildios/CMakeFiles/CMakeTmp/Debug/cmTC_af9d2

** BUILD SUCCEEDED **



    Feature record: CXX_FEATURE:0cxx_aggregate_default_initializers
    Feature record: CXX_FEATURE:0cxx_alias_templates
    Feature record: CXX_FEATURE:0cxx_alignas
    Feature record: CXX_FEATURE:0cxx_alignof
    Feature record: CXX_FEATURE:0cxx_attributes
    Feature record: CXX_FEATURE:0cxx_attribute_deprecated
    Feature record: CXX_FEATURE:0cxx_auto_type
    Feature record: CXX_FEATURE:0cxx_binary_literals
    Feature record: CXX_FEATURE:0cxx_constexpr
    Feature record: CXX_FEATURE:0cxx_contextual_conversions
    Feature record: CXX_FEATURE:0cxx_decltype
    Feature record: CXX_FEATURE:0cxx_decltype_auto
    Feature record: CXX_FEATURE:0cxx_decltype_incomplete_return_types
    Feature record: CXX_FEATURE:0cxx_default_function_template_args
    Feature record: CXX_FEATURE:0cxx_defaulted_functions
    Feature record: CXX_FEATURE:0cxx_defaulted_move_initializers
    Feature record: CXX_FEATURE:0cxx_delegating_constructors
    Feature record: CXX_FEATURE:0cxx_deleted_functions
    Feature record: CXX_FEATURE:0cxx_digit_separators
    Feature record: CXX_FEATURE:0cxx_enum_forward_declarations
    Feature record: CXX_FEATURE:0cxx_explicit_conversions
    Feature record: CXX_FEATURE:0cxx_extended_friend_declarations
    Feature record: CXX_FEATURE:0cxx_extern_templates
    Feature record: CXX_FEATURE:0cxx_final
    Feature record: CXX_FEATURE:0cxx_func_identifier
    Feature record: CXX_FEATURE:0cxx_generalized_initializers
    Feature record: CXX_FEATURE:0cxx_generic_lambdas
    Feature record: CXX_FEATURE:0cxx_inheriting_constructors
    Feature record: CXX_FEATURE:0cxx_inline_namespaces
    Feature record: CXX_FEATURE:0cxx_lambdas
    Feature record: CXX_FEATURE:0cxx_lambda_init_captures
    Feature record: CXX_FEATURE:0cxx_local_type_template_args
    Feature record: CXX_FEATURE:0cxx_long_long_type
    Feature record: CXX_FEATURE:0cxx_noexcept
    Feature record: CXX_FEATURE:0cxx_nonstatic_member_init
    Feature record: CXX_FEATURE:0cxx_nullptr
    Feature record: CXX_FEATURE:0cxx_override
    Feature record: CXX_FEATURE:0cxx_range_for
    Feature record: CXX_FEATURE:0cxx_raw_string_literals
    Feature record: CXX_FEATURE:0cxx_reference_qualified_functions
    Feature record: CXX_FEATURE:0cxx_relaxed_constexpr
    Feature record: CXX_FEATURE:0cxx_return_type_deduction
    Feature record: CXX_FEATURE:0cxx_right_angle_brackets
    Feature record: CXX_FEATURE:0cxx_rvalue_references
    Feature record: CXX_FEATURE:0cxx_sizeof_member
    Feature record: CXX_FEATURE:0cxx_static_assert
    Feature record: CXX_FEATURE:0cxx_strong_enums
    Feature record: CXX_FEATURE:1cxx_template_template_parameters
    Feature record: CXX_FEATURE:0cxx_thread_local
    Feature record: CXX_FEATURE:0cxx_trailing_return_types
    Feature record: CXX_FEATURE:0cxx_unicode_literals
    Feature record: CXX_FEATURE:0cxx_uniform_initialization
    Feature record: CXX_FEATURE:0cxx_unrestricted_unions
    Feature record: CXX_FEATURE:0cxx_user_literals
    Feature record: CXX_FEATURE:0cxx_variable_templates
    Feature record: CXX_FEATURE:0cxx_variadic_macros
    Feature record: CXX_FEATURE:0cxx_variadic_templates
Determining if the include file pthread.h exists passed with the following output:
Change Dir: /Users/zhoushiwei/caffe/buildios/CMakeFiles/CMakeTmp

Run Build Command:"/usr/bin/xcodebuild" "-project" "CMAKE_TRY_COMPILE.xcodeproj" "build" "-target" "cmTC_61a8a" "-configuration" "Debug"
2016-08-18 17:37:50.294 xcodebuild[19203:980280] [MT] PluginLoading: Required plug-in compatibility UUID ACA8656B-FEA8-4B6D-8E4A-93F4C95C362C for plug-in at path '~/Library/Application Support/Developer/Shared/Xcode/Plug-ins/XAlign.xcplugin' not present in DVTPlugInCompatibilityUUIDs
=== BUILD TARGET cmTC_61a8a OF PROJECT CMAKE_TRY_COMPILE WITH CONFIGURATION Debug ===

Check dependencies

Write auxiliary files
/bin/mkdir -p /Users/zhoushiwei/caffe/buildios/CMakeFiles/CMakeTmp/CMAKE_TRY_COMPILE.build/Debug/cmTC_61a8a.build/Objects-normal/x86_64
write-file /Users/zhoushiwei/caffe/buildios/CMakeFiles/CMakeTmp/CMAKE_TRY_COMPILE.build/Debug/cmTC_61a8a.build/Objects-normal/x86_64/cmTC_61a8a.LinkFileList

CompileC CMAKE_TRY_COMPILE.build/Debug/cmTC_61a8a.build/Objects-normal/x86_64/CheckIncludeFile.o CheckIncludeFile.c normal x86_64 c com.apple.compilers.llvm.clang.1_0.compiler
    cd /Users/zhoushiwei/caffe/buildios/CMakeFiles/CMakeTmp
    export LANG=en_US.US-ASCII
    /Applications/Xcode.app/Contents/Developer/Toolchains/XcodeDefault.xctoolchain/usr/bin/clang -x c -arch x86_64 -fmessage-length=0 -fdiagnostics-show-note-include-stack -fmacro-backtrace-limit=0 -Wno-trigraphs -fpascal-strings -O0 -Wno-missing-field-initializers -Wno-missing-prototypes -Wno-return-type -Wno-missing-braces -Wparentheses -Wswitch -Wno-unused-function -Wno-unused-label -Wno-unused-parameter -Wno-unused-variable -Wunused-value -Wno-empty-body -Wno-uninitialized -Wno-unknown-pragmas -Wno-shadow -Wno-four-char-constants -Wno-conversion -Wno-constant-conversion -Wno-int-conversion -Wno-bool-conversion -Wno-enum-conversion -Wno-shorten-64-to-32 -Wpointer-sign -Wno-newline-eof -DCMAKE_INTDIR=\"Debug\" -isysroot /Applications/Xcode.app/Contents/Developer/Platforms/MacOSX.platform/Developer/SDKs/MacOSX10.11.sdk -fasm-blocks -fstrict-aliasing -Wdeprecated-declarations -mmacosx-version-min=10.11 -g -Wno-sign-conversion -I/Users/zhoushiwei/caffe/buildios/CMakeFiles/CMakeTmp/Debug/include -I/Users/zhoushiwei/caffe/buildios/CMakeFiles/CMakeTmp/CMAKE_TRY_COMPILE.build/Debug/cmTC_61a8a.build/DerivedSources/x86_64 -I/Users/zhoushiwei/caffe/buildios/CMakeFiles/CMakeTmp/CMAKE_TRY_COMPILE.build/Debug/cmTC_61a8a.build/DerivedSources -Wmost -Wno-four-char-constants -Wno-unknown-pragmas -F/Users/zhoushiwei/caffe/buildios/CMakeFiles/CMakeTmp/Debug -MMD -MT dependencies -MF /Users/zhoushiwei/caffe/buildios/CMakeFiles/CMakeTmp/CMAKE_TRY_COMPILE.build/Debug/cmTC_61a8a.build/Objects-normal/x86_64/CheckIncludeFile.d --serialize-diagnostics /Users/zhoushiwei/caffe/buildios/CMakeFiles/CMakeTmp/CMAKE_TRY_COMPILE.build/Debug/cmTC_61a8a.build/Objects-normal/x86_64/CheckIncludeFile.dia -c /Users/zhoushiwei/caffe/buildios/CMakeFiles/CMakeTmp/CheckIncludeFile.c -o /Users/zhoushiwei/caffe/buildios/CMakeFiles/CMakeTmp/CMAKE_TRY_COMPILE.build/Debug/cmTC_61a8a.build/Objects-normal/x86_64/CheckIncludeFile.o

Ld Debug/cmTC_61a8a normal x86_64
    cd /Users/zhoushiwei/caffe/buildios/CMakeFiles/CMakeTmp
    export MACOSX_DEPLOYMENT_TARGET=10.11
    /Applications/Xcode.app/Contents/Developer/Toolchains/XcodeDefault.xctoolchain/usr/bin/clang -arch x86_64 -isysroot /Applications/Xcode.app/Contents/Developer/Platforms/MacOSX.platform/Developer/SDKs/MacOSX10.11.sdk -L/Users/zhoushiwei/caffe/buildios/CMakeFiles/CMakeTmp/Debug -F/Users/zhoushiwei/caffe/buildios/CMakeFiles/CMakeTmp/Debug -filelist /Users/zhoushiwei/caffe/buildios/CMakeFiles/CMakeTmp/CMAKE_TRY_COMPILE.build/Debug/cmTC_61a8a.build/Objects-normal/x86_64/cmTC_61a8a.LinkFileList -mmacosx-version-min=10.11 -Xlinker -no_deduplicate -Wl,-search_paths_first -Wl,-headerpad_max_install_names -Xlinker -dependency_info -Xlinker /Users/zhoushiwei/caffe/buildios/CMakeFiles/CMakeTmp/CMAKE_TRY_COMPILE.build/Debug/cmTC_61a8a.build/Objects-normal/x86_64/cmTC_61a8a_dependency_info.dat -o /Users/zhoushiwei/caffe/buildios/CMakeFiles/CMakeTmp/Debug/cmTC_61a8a

** BUILD SUCCEEDED **



Determining if the pthread_create exist passed with the following output:
Change Dir: /Users/zhoushiwei/caffe/buildios/CMakeFiles/CMakeTmp

Run Build Command:"/usr/bin/xcodebuild" "-project" "CMAKE_TRY_COMPILE.xcodeproj" "build" "-target" "cmTC_342e5" "-configuration" "Debug"
2016-08-18 17:37:50.955 xcodebuild[19219:980333] [MT] PluginLoading: Required plug-in compatibility UUID ACA8656B-FEA8-4B6D-8E4A-93F4C95C362C for plug-in at path '~/Library/Application Support/Developer/Shared/Xcode/Plug-ins/XAlign.xcplugin' not present in DVTPlugInCompatibilityUUIDs
=== BUILD TARGET cmTC_342e5 OF PROJECT CMAKE_TRY_COMPILE WITH CONFIGURATION Debug ===

Check dependencies

Write auxiliary files
/bin/mkdir -p /Users/zhoushiwei/caffe/buildios/CMakeFiles/CMakeTmp/CMAKE_TRY_COMPILE.build/Debug/cmTC_342e5.build/Objects-normal/x86_64
write-file /Users/zhoushiwei/caffe/buildios/CMakeFiles/CMakeTmp/CMAKE_TRY_COMPILE.build/Debug/cmTC_342e5.build/Objects-normal/x86_64/cmTC_342e5.LinkFileList

CompileC CMAKE_TRY_COMPILE.build/Debug/cmTC_342e5.build/Objects-normal/x86_64/CheckSymbolExists.o CheckSymbolExists.c normal x86_64 c com.apple.compilers.llvm.clang.1_0.compiler
    cd /Users/zhoushiwei/caffe/buildios/CMakeFiles/CMakeTmp
    export LANG=en_US.US-ASCII
    /Applications/Xcode.app/Contents/Developer/Toolchains/XcodeDefault.xctoolchain/usr/bin/clang -x c -arch x86_64 -fmessage-length=0 -fdiagnostics-show-note-include-stack -fmacro-backtrace-limit=0 -Wno-trigraphs -fpascal-strings -O0 -Wno-missing-field-initializers -Wno-missing-prototypes -Wno-return-type -Wno-missing-braces -Wparentheses -Wswitch -Wno-unused-function -Wno-unused-label -Wno-unused-parameter -Wno-unused-variable -Wunused-value -Wno-empty-body -Wno-uninitialized -Wno-unknown-pragmas -Wno-shadow -Wno-four-char-constants -Wno-conversion -Wno-constant-conversion -Wno-int-conversion -Wno-bool-conversion -Wno-enum-conversion -Wno-shorten-64-to-32 -Wpointer-sign -Wno-newline-eof -DCMAKE_INTDIR=\"Debug\" -isysroot /Applications/Xcode.app/Contents/Developer/Platforms/MacOSX.platform/Developer/SDKs/MacOSX10.11.sdk -fasm-blocks -fstrict-aliasing -Wdeprecated-declarations -mmacosx-version-min=10.11 -g -Wno-sign-conversion -I/Users/zhoushiwei/caffe/buildios/CMakeFiles/CMakeTmp/Debug/include -I/Users/zhoushiwei/caffe/buildios/CMakeFiles/CMakeTmp/CMAKE_TRY_COMPILE.build/Debug/cmTC_342e5.build/DerivedSources/x86_64 -I/Users/zhoushiwei/caffe/buildios/CMakeFiles/CMakeTmp/CMAKE_TRY_COMPILE.build/Debug/cmTC_342e5.build/DerivedSources -Wmost -Wno-four-char-constants -Wno-unknown-pragmas -F/Users/zhoushiwei/caffe/buildios/CMakeFiles/CMakeTmp/Debug -MMD -MT dependencies -MF /Users/zhoushiwei/caffe/buildios/CMakeFiles/CMakeTmp/CMAKE_TRY_COMPILE.build/Debug/cmTC_342e5.build/Objects-normal/x86_64/CheckSymbolExists.d --serialize-diagnostics /Users/zhoushiwei/caffe/buildios/CMakeFiles/CMakeTmp/CMAKE_TRY_COMPILE.build/Debug/cmTC_342e5.build/Objects-normal/x86_64/CheckSymbolExists.dia -c /Users/zhoushiwei/caffe/buildios/CMakeFiles/CMakeTmp/CheckSymbolExists.c -o /Users/zhoushiwei/caffe/buildios/CMakeFiles/CMakeTmp/CMAKE_TRY_COMPILE.build/Debug/cmTC_342e5.build/Objects-normal/x86_64/CheckSymbolExists.o

Ld Debug/cmTC_342e5 normal x86_64
    cd /Users/zhoushiwei/caffe/buildios/CMakeFiles/CMakeTmp
    export MACOSX_DEPLOYMENT_TARGET=10.11
    /Applications/Xcode.app/Contents/Developer/Toolchains/XcodeDefault.xctoolchain/usr/bin/clang -arch x86_64 -isysroot /Applications/Xcode.app/Contents/Developer/Platforms/MacOSX.platform/Developer/SDKs/MacOSX10.11.sdk -L/Users/zhoushiwei/caffe/buildios/CMakeFiles/CMakeTmp/Debug -F/Users/zhoushiwei/caffe/buildios/CMakeFiles/CMakeTmp/Debug -filelist /Users/zhoushiwei/caffe/buildios/CMakeFiles/CMakeTmp/CMAKE_TRY_COMPILE.build/Debug/cmTC_342e5.build/Objects-normal/x86_64/cmTC_342e5.LinkFileList -mmacosx-version-min=10.11 -Xlinker -no_deduplicate -Wl,-search_paths_first -Wl,-headerpad_max_install_names -Xlinker -dependency_info -Xlinker /Users/zhoushiwei/caffe/buildios/CMakeFiles/CMakeTmp/CMAKE_TRY_COMPILE.build/Debug/cmTC_342e5.build/Objects-normal/x86_64/cmTC_342e5_dependency_info.dat -o /Users/zhoushiwei/caffe/buildios/CMakeFiles/CMakeTmp/Debug/cmTC_342e5

** BUILD SUCCEEDED **


File /Users/zhoushiwei/caffe/buildios/CMakeFiles/CMakeTmp/CheckSymbolExists.c:
/* */
#include <pthread.h>

int main(int argc, char** argv)
{
  (void)argv;
#ifndef pthread_create
  return ((int*)(&pthread_create))[argc];
#else
  (void)argc;
  return 0;
#endif
}

